2025-11-06T07:21:49.314Z 	 info: Azurite Blob service is starting on 127.0.0.1:10000
2025-11-06T07:21:49.316Z 	 info: AccountDataStore:init() Refresh accounts from environment variable AZURITE_ACCOUNTS with value undefined
2025-11-06T07:21:49.317Z 	 info: AccountDataStore:init() Fallback to default emulator account devstoreaccount1.
2025-11-06T07:21:49.351Z 	 info: BlobGCManager:start() Starting BlobGCManager. Set status to Initializing.
2025-11-06T07:21:49.351Z 	 info: BlobGCManager:start() Trigger mark and sweep loop. Set status to Running.
2025-11-06T07:21:49.352Z 	 info: BlobGCManager:markSweepLoop() Start next mark and sweep.
2025-11-06T07:21:49.352Z 	 info: BlobGCManager:markSweep() Get all extents.
2025-11-06T07:21:49.352Z 	 info: BlobGCManager:start() BlobGCManager successfully started.
2025-11-06T07:21:49.362Z 	 info: BlobGCManager:markSweep() Got 2 extents.
2025-11-06T07:21:49.362Z 	 info: BlobGCManager:markSweep() Get referred extents.
2025-11-06T07:21:49.363Z 	 info: BlobGCManager:markSweep() Got referred extents, unreferenced extents count is 0.
2025-11-06T07:21:49.363Z 	 info: BlobGCManager:markSweepLoop() Mark and sweep finished, taken 11ms.
2025-11-06T07:21:49.363Z 	 info: BlobGCManager:markSweepLoop() Sleep for 600000ms.
2025-11-06T07:21:49.367Z 	 info: Azurite Blob service successfully listens on http://127.0.0.1:10000
2025-11-06T07:21:49.367Z 	 info: Azurite Queue service is starting on 127.0.0.1:10001
2025-11-06T07:21:49.368Z 	 info: AccountDataStore:init() Refresh accounts from environment variable AZURITE_ACCOUNTS with value undefined
2025-11-06T07:21:49.368Z 	 info: AccountDataStore:init() Fallback to default emulator account devstoreaccount1.
2025-11-06T07:21:49.385Z 	 info: QueueGCManager:start() Starting QueueGCManager, set status to Initializing
2025-11-06T07:21:49.386Z 	 info: QueueGCManager:start() Trigger mark and sweep loop, set status to Running.
2025-11-06T07:21:49.386Z 	 info: QueueGCManager:markSweepLoop() Start new mark and sweep.
2025-11-06T07:21:49.386Z 	 info: QueueGCManger:markSweep() Get all extents.
2025-11-06T07:21:49.386Z 	 info: QueueGCManager:start() QueueGCManager successfully started.
2025-11-06T07:21:49.386Z 	 info: QueueGCManager:marksweep() Get 2 extents.
2025-11-06T07:21:49.386Z 	 info: QueueGCManager:markSweep() Get referred extents, then remove from allExtents.
2025-11-06T07:21:49.386Z 	 info: QueueGCManager:markSweep() Got referred extents, unreferenced extents count is 0.
2025-11-06T07:21:49.386Z 	 info: QueueGCManager:markSweepLoop() Mark and sweep finished, take 0ms.
2025-11-06T07:21:49.386Z 	 info: QueueGCManager:markSweepLoop() Sleep for 60000
2025-11-06T07:21:49.389Z 	 info: Azurite Queue service successfully listens on http://127.0.0.1:10001
2025-11-06T07:21:49.389Z 	 info: Azurite Table service is starting on 127.0.0.1:10002
2025-11-06T07:21:49.389Z 	 info: AccountDataStore:init() Refresh accounts from environment variable AZURITE_ACCOUNTS with value undefined
2025-11-06T07:21:49.389Z 	 info: AccountDataStore:init() Fallback to default emulator account devstoreaccount1.
2025-11-06T07:21:49.455Z 	 info: Azurite Table service successfully listens on http://127.0.0.1:10002
2025-11-06T07:21:49.456Z 	 info: InstaceID a1079791-60f2-4288-b7cc-37c01a14e26d, SessionID fe5e1025-a5af-4f1b-9327-cf7747cfdfdc.
2025-11-06T07:21:49.490Z 	 info: Telemetry initialize successfully.
2025-11-06T07:21:49.492Z 	 verbose: Send start telemetry
2025-11-06T07:22:14.647Z 1728514e-4d96-4e94-841c-3d2a521abe28 info: BlobStorageContextMiddleware: RequestMethod=GET RequestURL=http://127.0.0.1/devstoreaccount1/azure-webjobs-secrets?restype=container RequestHeaders:{"host":"127.0.0.1:10000","x-ms-version":"2023-11-03","accept":"application/xml","x-ms-client-request-id":"b06ffc2f-f64b-425a-8994-f56d88ea4a2c","x-ms-return-client-request-id":"true","user-agent":"azsdk-net-Storage.Blobs/12.19.1 (.NET 8.0.19; Microsoft Windows 10.0.26200)","x-ms-date":"Thu, 06 Nov 2025 07:22:14 GMT","authorization":"SharedKey devstoreaccount1:9eeIrgm/cK8Yl/epMLZEMWBoXEEUGD3kvgthlw50mEg="} ClientIP=127.0.0.1 Protocol=http HTTPVersion=1.1
2025-11-06T07:22:14.648Z 1728514e-4d96-4e94-841c-3d2a521abe28 info: BlobStorageContextMiddleware: Account=devstoreaccount1 Container=azure-webjobs-secrets Blob=
2025-11-06T07:22:14.648Z 1728514e-4d96-4e94-841c-3d2a521abe28 verbose: DispatchMiddleware: Dispatching request...
2025-11-06T07:22:14.652Z 1728514e-4d96-4e94-841c-3d2a521abe28 info: DispatchMiddleware: Operation=Container_GetProperties
2025-11-06T07:22:14.653Z 1728514e-4d96-4e94-841c-3d2a521abe28 verbose: AuthenticationMiddlewareFactory:createAuthenticationMiddleware() Validating authentications.
2025-11-06T07:22:14.653Z 1728514e-4d96-4e94-841c-3d2a521abe28 info: PublicAccessAuthenticator:validate() Start validation against public access.
2025-11-06T07:22:14.653Z 1728514e-4d96-4e94-841c-3d2a521abe28 debug: PublicAccessAuthenticator:validate() Getting account properties...
2025-11-06T07:22:14.653Z 1728514e-4d96-4e94-841c-3d2a521abe28 debug: PublicAccessAuthenticator:validate() Retrieved account name from context: devstoreaccount1, container: azure-webjobs-secrets, blob: 
2025-11-06T07:22:14.655Z 1728514e-4d96-4e94-841c-3d2a521abe28 debug: PublicAccessAuthenticator:validate() Skip public access authentication. Cannot get public access type for container azure-webjobs-secrets
2025-11-06T07:22:14.655Z 1728514e-4d96-4e94-841c-3d2a521abe28 info: BlobSharedKeyAuthenticator:validate() Start validation against account shared key authentication.
2025-11-06T07:22:14.674Z 1728514e-4d96-4e94-841c-3d2a521abe28 info: BlobSharedKeyAuthenticator:validate() [STRING TO SIGN]:"GET\n\n\n\n\n\n\n\n\n\n\n\nx-ms-client-request-id:b06ffc2f-f64b-425a-8994-f56d88ea4a2c\nx-ms-date:Thu, 06 Nov 2025 07:22:14 GMT\nx-ms-return-client-request-id:true\nx-ms-version:2023-11-03\n/devstoreaccount1/devstoreaccount1/azure-webjobs-secrets\nrestype:container"
2025-11-06T07:22:14.675Z 1728514e-4d96-4e94-841c-3d2a521abe28 info: BlobSharedKeyAuthenticator:validate() Calculated authentication header based on key1: SharedKey devstoreaccount1:9eeIrgm/cK8Yl/epMLZEMWBoXEEUGD3kvgthlw50mEg=
2025-11-06T07:22:14.675Z 1728514e-4d96-4e94-841c-3d2a521abe28 info: BlobSharedKeyAuthenticator:validate() Signature 1 matched.
2025-11-06T07:22:14.675Z 1728514e-4d96-4e94-841c-3d2a521abe28 verbose: DeserializerMiddleware: Start deserializing...
2025-11-06T07:22:14.678Z 1728514e-4d96-4e94-841c-3d2a521abe28 info: HandlerMiddleware: DeserializedParameters={"options":{"requestId":"b06ffc2f-f64b-425a-8994-f56d88ea4a2c","leaseAccessConditions":{}},"restype":"container","version":"2023-11-03"}
2025-11-06T07:22:14.679Z 1728514e-4d96-4e94-841c-3d2a521abe28 verbose: SerializerMiddleware: Start serializing...
2025-11-06T07:22:14.682Z 1728514e-4d96-4e94-841c-3d2a521abe28 verbose: Send Blob telemetry: B_Container_GetProperties
2025-11-06T07:22:14.682Z 1728514e-4d96-4e94-841c-3d2a521abe28 info: EndMiddleware: End response. TotalTimeInMS=36 StatusCode=200 StatusMessage=undefined Headers={"server":"Azurite-Blob/3.35.0","etag":"\"0x23CD51E68A90440\"","last-modified":"Wed, 05 Nov 2025 04:49:21 GMT","x-ms-lease-state":"available","x-ms-lease-status":"unlocked","x-ms-client-request-id":"b06ffc2f-f64b-425a-8994-f56d88ea4a2c","x-ms-request-id":"1728514e-4d96-4e94-841c-3d2a521abe28","x-ms-version":"2025-11-05","x-ms-has-immutability-policy":"false","x-ms-has-legal-hold":"false"}
2025-11-06T07:22:14.718Z f7b2c6c4-2db8-4b63-9ac5-4c91ccf6f20a info: BlobStorageContextMiddleware: RequestMethod=HEAD RequestURL=http://127.0.0.1/devstoreaccount1/azure-webjobs-secrets/neudesic91hz444-1219719741/host.json RequestHeaders:{"host":"127.0.0.1:10000","x-ms-version":"2023-11-03","accept":"application/xml","x-ms-client-request-id":"0e101327-d3ed-4d09-800f-d294516fd0b9","x-ms-return-client-request-id":"true","user-agent":"azsdk-net-Storage.Blobs/12.19.1 (.NET 8.0.19; Microsoft Windows 10.0.26200)","x-ms-date":"Thu, 06 Nov 2025 07:22:14 GMT","authorization":"SharedKey devstoreaccount1:GR6X4TIr9t9TOPsVykhrh4rTXTwI6142foA1HWJy7Os="} ClientIP=127.0.0.1 Protocol=http HTTPVersion=1.1
2025-11-06T07:22:14.718Z f7b2c6c4-2db8-4b63-9ac5-4c91ccf6f20a info: BlobStorageContextMiddleware: Account=devstoreaccount1 Container=azure-webjobs-secrets Blob=neudesic91hz444-1219719741/host.json
2025-11-06T07:22:14.718Z f7b2c6c4-2db8-4b63-9ac5-4c91ccf6f20a verbose: DispatchMiddleware: Dispatching request...
2025-11-06T07:22:14.718Z f7b2c6c4-2db8-4b63-9ac5-4c91ccf6f20a info: DispatchMiddleware: Operation=Blob_GetProperties
2025-11-06T07:22:14.718Z f7b2c6c4-2db8-4b63-9ac5-4c91ccf6f20a verbose: AuthenticationMiddlewareFactory:createAuthenticationMiddleware() Validating authentications.
2025-11-06T07:22:14.718Z f7b2c6c4-2db8-4b63-9ac5-4c91ccf6f20a info: PublicAccessAuthenticator:validate() Start validation against public access.
2025-11-06T07:22:14.719Z f7b2c6c4-2db8-4b63-9ac5-4c91ccf6f20a debug: PublicAccessAuthenticator:validate() Getting account properties...
2025-11-06T07:22:14.719Z f7b2c6c4-2db8-4b63-9ac5-4c91ccf6f20a debug: PublicAccessAuthenticator:validate() Retrieved account name from context: devstoreaccount1, container: azure-webjobs-secrets, blob: neudesic91hz444-1219719741/host.json
2025-11-06T07:22:14.719Z f7b2c6c4-2db8-4b63-9ac5-4c91ccf6f20a debug: PublicAccessAuthenticator:validate() Skip public access authentication. Cannot get public access type for container azure-webjobs-secrets
2025-11-06T07:22:14.719Z f7b2c6c4-2db8-4b63-9ac5-4c91ccf6f20a info: BlobSharedKeyAuthenticator:validate() Start validation against account shared key authentication.
2025-11-06T07:22:14.719Z f7b2c6c4-2db8-4b63-9ac5-4c91ccf6f20a info: BlobSharedKeyAuthenticator:validate() [STRING TO SIGN]:"HEAD\n\n\n\n\n\n\n\n\n\n\n\nx-ms-client-request-id:0e101327-d3ed-4d09-800f-d294516fd0b9\nx-ms-date:Thu, 06 Nov 2025 07:22:14 GMT\nx-ms-return-client-request-id:true\nx-ms-version:2023-11-03\n/devstoreaccount1/devstoreaccount1/azure-webjobs-secrets/neudesic91hz444-1219719741/host.json"
2025-11-06T07:22:14.719Z f7b2c6c4-2db8-4b63-9ac5-4c91ccf6f20a info: BlobSharedKeyAuthenticator:validate() Calculated authentication header based on key1: SharedKey devstoreaccount1:GR6X4TIr9t9TOPsVykhrh4rTXTwI6142foA1HWJy7Os=
2025-11-06T07:22:14.719Z f7b2c6c4-2db8-4b63-9ac5-4c91ccf6f20a info: BlobSharedKeyAuthenticator:validate() Signature 1 matched.
2025-11-06T07:22:14.720Z f7b2c6c4-2db8-4b63-9ac5-4c91ccf6f20a verbose: DeserializerMiddleware: Start deserializing...
2025-11-06T07:22:14.720Z f7b2c6c4-2db8-4b63-9ac5-4c91ccf6f20a info: HandlerMiddleware: DeserializedParameters={"options":{"requestId":"0e101327-d3ed-4d09-800f-d294516fd0b9","leaseAccessConditions":{},"cpkInfo":{},"modifiedAccessConditions":{}},"version":"2023-11-03"}
2025-11-06T07:22:14.722Z f7b2c6c4-2db8-4b63-9ac5-4c91ccf6f20a verbose: SerializerMiddleware: Start serializing...
2025-11-06T07:22:14.723Z f7b2c6c4-2db8-4b63-9ac5-4c91ccf6f20a verbose: Send Blob telemetry: B_Blob_GetProperties
2025-11-06T07:22:14.724Z f7b2c6c4-2db8-4b63-9ac5-4c91ccf6f20a info: EndMiddleware: End response. TotalTimeInMS=6 StatusCode=200 StatusMessage=undefined Headers={"server":"Azurite-Blob/3.35.0","last-modified":"Wed, 05 Nov 2025 04:49:22 GMT","x-ms-creation-time":"Wed, 05 Nov 2025 04:49:22 GMT","x-ms-blob-type":"BlockBlob","x-ms-lease-state":"available","x-ms-lease-status":"unlocked","content-length":"937","content-type":"application/octet-stream","etag":"\"0x1E1AA788E8484B0\"","content-md5":"NGKYP6VE2NaDiZ+cFND9nA==","x-ms-client-request-id":"0e101327-d3ed-4d09-800f-d294516fd0b9","x-ms-request-id":"f7b2c6c4-2db8-4b63-9ac5-4c91ccf6f20a","x-ms-version":"2025-11-05","date":"Thu, 06 Nov 2025 07:22:14 GMT","accept-ranges":"bytes","x-ms-server-encrypted":"true","x-ms-access-tier":"Hot","x-ms-access-tier-inferred":"true","x-ms-access-tier-change-time":"Wed, 05 Nov 2025 04:49:22 GMT"}
2025-11-06T07:22:14.753Z 7c1bfb97-ffe0-414f-b672-d88be80e5f07 info: BlobStorageContextMiddleware: RequestMethod=GET RequestURL=http://127.0.0.1/devstoreaccount1/azure-webjobs-secrets/neudesic91hz444-1219719741/host.json RequestHeaders:{"host":"127.0.0.1:10000","x-ms-version":"2023-11-03","accept":"application/xml","x-ms-client-request-id":"dcaca298-9ed6-4b72-9945-96c5afb6da17","x-ms-return-client-request-id":"true","user-agent":"azsdk-net-Storage.Blobs/12.19.1 (.NET 8.0.19; Microsoft Windows 10.0.26200)","x-ms-date":"Thu, 06 Nov 2025 07:22:14 GMT","authorization":"SharedKey devstoreaccount1:FkBKujrpADzfE3CTbvoALAQ6O90VJOrzeNC7UPBzUWY="} ClientIP=127.0.0.1 Protocol=http HTTPVersion=1.1
2025-11-06T07:22:14.754Z 7c1bfb97-ffe0-414f-b672-d88be80e5f07 info: BlobStorageContextMiddleware: Account=devstoreaccount1 Container=azure-webjobs-secrets Blob=neudesic91hz444-1219719741/host.json
2025-11-06T07:22:14.754Z 7c1bfb97-ffe0-414f-b672-d88be80e5f07 verbose: DispatchMiddleware: Dispatching request...
2025-11-06T07:22:14.754Z 7c1bfb97-ffe0-414f-b672-d88be80e5f07 info: DispatchMiddleware: Operation=Blob_Download
2025-11-06T07:22:14.754Z 7c1bfb97-ffe0-414f-b672-d88be80e5f07 verbose: AuthenticationMiddlewareFactory:createAuthenticationMiddleware() Validating authentications.
2025-11-06T07:22:14.755Z 7c1bfb97-ffe0-414f-b672-d88be80e5f07 info: PublicAccessAuthenticator:validate() Start validation against public access.
2025-11-06T07:22:14.755Z 7c1bfb97-ffe0-414f-b672-d88be80e5f07 debug: PublicAccessAuthenticator:validate() Getting account properties...
2025-11-06T07:22:14.755Z 7c1bfb97-ffe0-414f-b672-d88be80e5f07 debug: PublicAccessAuthenticator:validate() Retrieved account name from context: devstoreaccount1, container: azure-webjobs-secrets, blob: neudesic91hz444-1219719741/host.json
2025-11-06T07:22:14.755Z 7c1bfb97-ffe0-414f-b672-d88be80e5f07 debug: PublicAccessAuthenticator:validate() Skip public access authentication. Cannot get public access type for container azure-webjobs-secrets
2025-11-06T07:22:14.755Z 7c1bfb97-ffe0-414f-b672-d88be80e5f07 info: BlobSharedKeyAuthenticator:validate() Start validation against account shared key authentication.
2025-11-06T07:22:14.755Z 7c1bfb97-ffe0-414f-b672-d88be80e5f07 info: BlobSharedKeyAuthenticator:validate() [STRING TO SIGN]:"GET\n\n\n\n\n\n\n\n\n\n\n\nx-ms-client-request-id:dcaca298-9ed6-4b72-9945-96c5afb6da17\nx-ms-date:Thu, 06 Nov 2025 07:22:14 GMT\nx-ms-return-client-request-id:true\nx-ms-version:2023-11-03\n/devstoreaccount1/devstoreaccount1/azure-webjobs-secrets/neudesic91hz444-1219719741/host.json"
2025-11-06T07:22:14.755Z 7c1bfb97-ffe0-414f-b672-d88be80e5f07 info: BlobSharedKeyAuthenticator:validate() Calculated authentication header based on key1: SharedKey devstoreaccount1:FkBKujrpADzfE3CTbvoALAQ6O90VJOrzeNC7UPBzUWY=
2025-11-06T07:22:14.755Z 7c1bfb97-ffe0-414f-b672-d88be80e5f07 info: BlobSharedKeyAuthenticator:validate() Signature 1 matched.
2025-11-06T07:22:14.755Z 7c1bfb97-ffe0-414f-b672-d88be80e5f07 verbose: DeserializerMiddleware: Start deserializing...
2025-11-06T07:22:14.755Z 7c1bfb97-ffe0-414f-b672-d88be80e5f07 info: HandlerMiddleware: DeserializedParameters={"options":{"requestId":"dcaca298-9ed6-4b72-9945-96c5afb6da17","leaseAccessConditions":{},"cpkInfo":{},"modifiedAccessConditions":{}},"version":"2023-11-03"}
2025-11-06T07:22:14.756Z 7c1bfb97-ffe0-414f-b672-d88be80e5f07 info: BlobHandler:downloadBlockBlobOrAppendBlob() NormalizedDownloadRange=bytes=0-936 RequiredContentLength=937
2025-11-06T07:22:14.757Z 7c1bfb97-ffe0-414f-b672-d88be80e5f07 debug: OperationQueue.operate() Schedule incoming job 8bb68b31-e5e6-4861-860a-a79fcd224609
2025-11-06T07:22:14.757Z 7c1bfb97-ffe0-414f-b672-d88be80e5f07 debug: OperationQueue:execute() Current runningConcurrency:0 maxConcurrency:100 operations.length:1
2025-11-06T07:22:14.757Z 7c1bfb97-ffe0-414f-b672-d88be80e5f07 verbose: FSExtentStore:readExtent() Creating read stream. LocationId:Default extentId:3d8567bc-bcf6-45c0-87af-36d7ce208c7b path:__blobstorage__\3d8567bc-bcf6-45c0-87af-36d7ce208c7b offset:1889 count:937 end:2825
2025-11-06T07:22:14.758Z 7c1bfb97-ffe0-414f-b672-d88be80e5f07 debug: OperationQueue.operate() Job 8bb68b31-e5e6-4861-860a-a79fcd224609 completes callback, resolve.
2025-11-06T07:22:14.758Z 7c1bfb97-ffe0-414f-b672-d88be80e5f07 verbose: SerializerMiddleware: Start serializing...
2025-11-06T07:22:14.758Z 7c1bfb97-ffe0-414f-b672-d88be80e5f07 info: Serializer: Start returning stream body.
2025-11-06T07:22:14.759Z 7c1bfb97-ffe0-414f-b672-d88be80e5f07 debug: OperationQueue:execute() Current runningConcurrency:0 maxConcurrency:100 operations.length:0
2025-11-06T07:22:14.759Z 7c1bfb97-ffe0-414f-b672-d88be80e5f07 debug: OperationQueue:execute() return. Operation.length === 0
2025-11-06T07:22:14.760Z 7c1bfb97-ffe0-414f-b672-d88be80e5f07 verbose: FSExtentStore:readExtent() Read stream closed. LocationId:Default extentId:3d8567bc-bcf6-45c0-87af-36d7ce208c7b path:__blobstorage__\3d8567bc-bcf6-45c0-87af-36d7ce208c7b offset:1889 count:937 end:2825
2025-11-06T07:22:14.761Z 7c1bfb97-ffe0-414f-b672-d88be80e5f07 error: ErrorMiddleware: Received an error, fill error information to HTTP response
2025-11-06T07:22:14.761Z 7c1bfb97-ffe0-414f-b672-d88be80e5f07 error: ErrorMiddleware: ErrorName=Error ErrorMessage=ENOENT: no such file or directory, open 'C:\Repo\AITTrainings\LogicApps\UpsertEmployee\UpsertEmployee\__blobstorage__\3d8567bc-bcf6-45c0-87af-36d7ce208c7b' ErrorStack="Error: ENOENT: no such file or directory, open 'C:\\Repo\\AITTrainings\\LogicApps\\UpsertEmployee\\UpsertEmployee\\__blobstorage__\\3d8567bc-bcf6-45c0-87af-36d7ce208c7b'"
2025-11-06T07:22:14.761Z 7c1bfb97-ffe0-414f-b672-d88be80e5f07 error: ErrorMiddleware: Set HTTP code: 500
2025-11-06T07:22:14.761Z 7c1bfb97-ffe0-414f-b672-d88be80e5f07 verbose: Send Blob telemetry: B_Blob_Download
2025-11-06T07:22:14.761Z 7c1bfb97-ffe0-414f-b672-d88be80e5f07 info: EndMiddleware: End response. TotalTimeInMS=8 StatusCode=500 StatusMessage=undefined Headers={"server":"Azurite-Blob/3.35.0","last-modified":"Wed, 05 Nov 2025 04:49:22 GMT","x-ms-creation-time":"Wed, 05 Nov 2025 04:49:22 GMT","content-length":"937","content-type":"application/octet-stream","etag":"\"0x1E1AA788E8484B0\"","content-md5":"NGKYP6VE2NaDiZ+cFND9nA==","x-ms-blob-type":"BlockBlob","x-ms-lease-state":"available","x-ms-lease-status":"unlocked","x-ms-client-request-id":"dcaca298-9ed6-4b72-9945-96c5afb6da17","x-ms-request-id":"7c1bfb97-ffe0-414f-b672-d88be80e5f07","x-ms-version":"2025-11-05","accept-ranges":"bytes","date":"Thu, 06 Nov 2025 07:22:14 GMT","x-ms-server-encrypted":"true","x-ms-blob-content-md5":"NGKYP6VE2NaDiZ+cFND9nA=="}
2025-11-06T07:22:15.633Z 6ea01bf8-de64-4ca2-beec-79c6ea7eb10c info: BlobStorageContextMiddleware: RequestMethod=GET RequestURL=http://127.0.0.1/devstoreaccount1/azure-webjobs-secrets/neudesic91hz444-1219719741/host.json RequestHeaders:{"host":"127.0.0.1:10000","x-ms-version":"2023-11-03","accept":"application/xml","x-ms-client-request-id":"dcaca298-9ed6-4b72-9945-96c5afb6da17","x-ms-return-client-request-id":"true","user-agent":"azsdk-net-Storage.Blobs/12.19.1 (.NET 8.0.19; Microsoft Windows 10.0.26200)","x-ms-date":"Thu, 06 Nov 2025 07:22:15 GMT","authorization":"SharedKey devstoreaccount1:52HpxjTIytvYzWQ12t46qRSCKXmsSbG1r6kFRxYaM+4="} ClientIP=127.0.0.1 Protocol=http HTTPVersion=1.1
2025-11-06T07:22:15.633Z 6ea01bf8-de64-4ca2-beec-79c6ea7eb10c info: BlobStorageContextMiddleware: Account=devstoreaccount1 Container=azure-webjobs-secrets Blob=neudesic91hz444-1219719741/host.json
2025-11-06T07:22:15.633Z 6ea01bf8-de64-4ca2-beec-79c6ea7eb10c verbose: DispatchMiddleware: Dispatching request...
2025-11-06T07:22:15.633Z 6ea01bf8-de64-4ca2-beec-79c6ea7eb10c info: DispatchMiddleware: Operation=Blob_Download
2025-11-06T07:22:15.634Z 6ea01bf8-de64-4ca2-beec-79c6ea7eb10c verbose: AuthenticationMiddlewareFactory:createAuthenticationMiddleware() Validating authentications.
2025-11-06T07:22:15.634Z 6ea01bf8-de64-4ca2-beec-79c6ea7eb10c info: PublicAccessAuthenticator:validate() Start validation against public access.
2025-11-06T07:22:15.634Z 6ea01bf8-de64-4ca2-beec-79c6ea7eb10c debug: PublicAccessAuthenticator:validate() Getting account properties...
2025-11-06T07:22:15.634Z 6ea01bf8-de64-4ca2-beec-79c6ea7eb10c debug: PublicAccessAuthenticator:validate() Retrieved account name from context: devstoreaccount1, container: azure-webjobs-secrets, blob: neudesic91hz444-1219719741/host.json
2025-11-06T07:22:15.634Z 6ea01bf8-de64-4ca2-beec-79c6ea7eb10c debug: PublicAccessAuthenticator:validate() Skip public access authentication. Cannot get public access type for container azure-webjobs-secrets
2025-11-06T07:22:15.634Z 6ea01bf8-de64-4ca2-beec-79c6ea7eb10c info: BlobSharedKeyAuthenticator:validate() Start validation against account shared key authentication.
2025-11-06T07:22:15.634Z 6ea01bf8-de64-4ca2-beec-79c6ea7eb10c info: BlobSharedKeyAuthenticator:validate() [STRING TO SIGN]:"GET\n\n\n\n\n\n\n\n\n\n\n\nx-ms-client-request-id:dcaca298-9ed6-4b72-9945-96c5afb6da17\nx-ms-date:Thu, 06 Nov 2025 07:22:15 GMT\nx-ms-return-client-request-id:true\nx-ms-version:2023-11-03\n/devstoreaccount1/devstoreaccount1/azure-webjobs-secrets/neudesic91hz444-1219719741/host.json"
2025-11-06T07:22:15.634Z 6ea01bf8-de64-4ca2-beec-79c6ea7eb10c info: BlobSharedKeyAuthenticator:validate() Calculated authentication header based on key1: SharedKey devstoreaccount1:52HpxjTIytvYzWQ12t46qRSCKXmsSbG1r6kFRxYaM+4=
2025-11-06T07:22:15.634Z 6ea01bf8-de64-4ca2-beec-79c6ea7eb10c info: BlobSharedKeyAuthenticator:validate() Signature 1 matched.
2025-11-06T07:22:15.634Z 6ea01bf8-de64-4ca2-beec-79c6ea7eb10c verbose: DeserializerMiddleware: Start deserializing...
2025-11-06T07:22:15.634Z 6ea01bf8-de64-4ca2-beec-79c6ea7eb10c info: HandlerMiddleware: DeserializedParameters={"options":{"requestId":"dcaca298-9ed6-4b72-9945-96c5afb6da17","leaseAccessConditions":{},"cpkInfo":{},"modifiedAccessConditions":{}},"version":"2023-11-03"}
2025-11-06T07:22:15.635Z 6ea01bf8-de64-4ca2-beec-79c6ea7eb10c info: BlobHandler:downloadBlockBlobOrAppendBlob() NormalizedDownloadRange=bytes=0-936 RequiredContentLength=937
2025-11-06T07:22:15.635Z 6ea01bf8-de64-4ca2-beec-79c6ea7eb10c debug: OperationQueue.operate() Schedule incoming job be4f7d43-60e4-47d0-9c62-c8c134cf0934
2025-11-06T07:22:15.635Z 6ea01bf8-de64-4ca2-beec-79c6ea7eb10c debug: OperationQueue:execute() Current runningConcurrency:0 maxConcurrency:100 operations.length:1
2025-11-06T07:22:15.635Z 6ea01bf8-de64-4ca2-beec-79c6ea7eb10c verbose: FSExtentStore:readExtent() Creating read stream. LocationId:Default extentId:3d8567bc-bcf6-45c0-87af-36d7ce208c7b path:__blobstorage__\3d8567bc-bcf6-45c0-87af-36d7ce208c7b offset:1889 count:937 end:2825
2025-11-06T07:22:15.635Z 6ea01bf8-de64-4ca2-beec-79c6ea7eb10c debug: OperationQueue.operate() Job be4f7d43-60e4-47d0-9c62-c8c134cf0934 completes callback, resolve.
2025-11-06T07:22:15.635Z 6ea01bf8-de64-4ca2-beec-79c6ea7eb10c verbose: SerializerMiddleware: Start serializing...
2025-11-06T07:22:15.636Z 6ea01bf8-de64-4ca2-beec-79c6ea7eb10c info: Serializer: Start returning stream body.
2025-11-06T07:22:15.636Z 6ea01bf8-de64-4ca2-beec-79c6ea7eb10c debug: OperationQueue:execute() Current runningConcurrency:0 maxConcurrency:100 operations.length:0
2025-11-06T07:22:15.636Z 6ea01bf8-de64-4ca2-beec-79c6ea7eb10c debug: OperationQueue:execute() return. Operation.length === 0
2025-11-06T07:22:15.637Z 6ea01bf8-de64-4ca2-beec-79c6ea7eb10c verbose: FSExtentStore:readExtent() Read stream closed. LocationId:Default extentId:3d8567bc-bcf6-45c0-87af-36d7ce208c7b path:__blobstorage__\3d8567bc-bcf6-45c0-87af-36d7ce208c7b offset:1889 count:937 end:2825
2025-11-06T07:22:15.638Z 6ea01bf8-de64-4ca2-beec-79c6ea7eb10c error: ErrorMiddleware: Received an error, fill error information to HTTP response
2025-11-06T07:22:15.638Z 6ea01bf8-de64-4ca2-beec-79c6ea7eb10c error: ErrorMiddleware: ErrorName=Error ErrorMessage=ENOENT: no such file or directory, open 'C:\Repo\AITTrainings\LogicApps\UpsertEmployee\UpsertEmployee\__blobstorage__\3d8567bc-bcf6-45c0-87af-36d7ce208c7b' ErrorStack="Error: ENOENT: no such file or directory, open 'C:\\Repo\\AITTrainings\\LogicApps\\UpsertEmployee\\UpsertEmployee\\__blobstorage__\\3d8567bc-bcf6-45c0-87af-36d7ce208c7b'"
2025-11-06T07:22:15.638Z 6ea01bf8-de64-4ca2-beec-79c6ea7eb10c error: ErrorMiddleware: Set HTTP code: 500
2025-11-06T07:22:15.638Z 6ea01bf8-de64-4ca2-beec-79c6ea7eb10c verbose: Send Blob telemetry: B_Blob_Download
2025-11-06T07:22:15.638Z 6ea01bf8-de64-4ca2-beec-79c6ea7eb10c info: EndMiddleware: End response. TotalTimeInMS=5 StatusCode=500 StatusMessage=undefined Headers={"server":"Azurite-Blob/3.35.0","last-modified":"Wed, 05 Nov 2025 04:49:22 GMT","x-ms-creation-time":"Wed, 05 Nov 2025 04:49:22 GMT","content-length":"937","content-type":"application/octet-stream","etag":"\"0x1E1AA788E8484B0\"","content-md5":"NGKYP6VE2NaDiZ+cFND9nA==","x-ms-blob-type":"BlockBlob","x-ms-lease-state":"available","x-ms-lease-status":"unlocked","x-ms-client-request-id":"dcaca298-9ed6-4b72-9945-96c5afb6da17","x-ms-request-id":"6ea01bf8-de64-4ca2-beec-79c6ea7eb10c","x-ms-version":"2025-11-05","accept-ranges":"bytes","date":"Thu, 06 Nov 2025 07:22:15 GMT","x-ms-server-encrypted":"true","x-ms-blob-content-md5":"NGKYP6VE2NaDiZ+cFND9nA=="}
2025-11-06T07:22:17.430Z f0d81047-e84e-452d-886f-99afbcf074b3 info: BlobStorageContextMiddleware: RequestMethod=GET RequestURL=http://127.0.0.1/devstoreaccount1/azure-webjobs-secrets/neudesic91hz444-1219719741/host.json RequestHeaders:{"host":"127.0.0.1:10000","x-ms-version":"2023-11-03","accept":"application/xml","x-ms-client-request-id":"dcaca298-9ed6-4b72-9945-96c5afb6da17","x-ms-return-client-request-id":"true","user-agent":"azsdk-net-Storage.Blobs/12.19.1 (.NET 8.0.19; Microsoft Windows 10.0.26200)","x-ms-date":"Thu, 06 Nov 2025 07:22:17 GMT","authorization":"SharedKey devstoreaccount1:28aMXsII54CDOXw/L41dxRQtHKh7GUIgniX7Ym7MzYA="} ClientIP=127.0.0.1 Protocol=http HTTPVersion=1.1
2025-11-06T07:22:17.430Z f0d81047-e84e-452d-886f-99afbcf074b3 info: BlobStorageContextMiddleware: Account=devstoreaccount1 Container=azure-webjobs-secrets Blob=neudesic91hz444-1219719741/host.json
2025-11-06T07:22:17.430Z f0d81047-e84e-452d-886f-99afbcf074b3 verbose: DispatchMiddleware: Dispatching request...
2025-11-06T07:22:17.431Z f0d81047-e84e-452d-886f-99afbcf074b3 info: DispatchMiddleware: Operation=Blob_Download
2025-11-06T07:22:17.431Z f0d81047-e84e-452d-886f-99afbcf074b3 verbose: AuthenticationMiddlewareFactory:createAuthenticationMiddleware() Validating authentications.
2025-11-06T07:22:17.431Z f0d81047-e84e-452d-886f-99afbcf074b3 info: PublicAccessAuthenticator:validate() Start validation against public access.
2025-11-06T07:22:17.431Z f0d81047-e84e-452d-886f-99afbcf074b3 debug: PublicAccessAuthenticator:validate() Getting account properties...
2025-11-06T07:22:17.431Z f0d81047-e84e-452d-886f-99afbcf074b3 debug: PublicAccessAuthenticator:validate() Retrieved account name from context: devstoreaccount1, container: azure-webjobs-secrets, blob: neudesic91hz444-1219719741/host.json
2025-11-06T07:22:17.431Z f0d81047-e84e-452d-886f-99afbcf074b3 debug: PublicAccessAuthenticator:validate() Skip public access authentication. Cannot get public access type for container azure-webjobs-secrets
2025-11-06T07:22:17.431Z f0d81047-e84e-452d-886f-99afbcf074b3 info: BlobSharedKeyAuthenticator:validate() Start validation against account shared key authentication.
2025-11-06T07:22:17.431Z f0d81047-e84e-452d-886f-99afbcf074b3 info: BlobSharedKeyAuthenticator:validate() [STRING TO SIGN]:"GET\n\n\n\n\n\n\n\n\n\n\n\nx-ms-client-request-id:dcaca298-9ed6-4b72-9945-96c5afb6da17\nx-ms-date:Thu, 06 Nov 2025 07:22:17 GMT\nx-ms-return-client-request-id:true\nx-ms-version:2023-11-03\n/devstoreaccount1/devstoreaccount1/azure-webjobs-secrets/neudesic91hz444-1219719741/host.json"
2025-11-06T07:22:17.431Z f0d81047-e84e-452d-886f-99afbcf074b3 info: BlobSharedKeyAuthenticator:validate() Calculated authentication header based on key1: SharedKey devstoreaccount1:28aMXsII54CDOXw/L41dxRQtHKh7GUIgniX7Ym7MzYA=
2025-11-06T07:22:17.431Z f0d81047-e84e-452d-886f-99afbcf074b3 info: BlobSharedKeyAuthenticator:validate() Signature 1 matched.
2025-11-06T07:22:17.432Z f0d81047-e84e-452d-886f-99afbcf074b3 verbose: DeserializerMiddleware: Start deserializing...
2025-11-06T07:22:17.432Z f0d81047-e84e-452d-886f-99afbcf074b3 info: HandlerMiddleware: DeserializedParameters={"options":{"requestId":"dcaca298-9ed6-4b72-9945-96c5afb6da17","leaseAccessConditions":{},"cpkInfo":{},"modifiedAccessConditions":{}},"version":"2023-11-03"}
2025-11-06T07:22:17.432Z f0d81047-e84e-452d-886f-99afbcf074b3 info: BlobHandler:downloadBlockBlobOrAppendBlob() NormalizedDownloadRange=bytes=0-936 RequiredContentLength=937
2025-11-06T07:22:17.432Z f0d81047-e84e-452d-886f-99afbcf074b3 debug: OperationQueue.operate() Schedule incoming job ff2f4866-8051-4eba-b418-43cff60151a1
2025-11-06T07:22:17.432Z f0d81047-e84e-452d-886f-99afbcf074b3 debug: OperationQueue:execute() Current runningConcurrency:0 maxConcurrency:100 operations.length:1
2025-11-06T07:22:17.432Z f0d81047-e84e-452d-886f-99afbcf074b3 verbose: FSExtentStore:readExtent() Creating read stream. LocationId:Default extentId:3d8567bc-bcf6-45c0-87af-36d7ce208c7b path:__blobstorage__\3d8567bc-bcf6-45c0-87af-36d7ce208c7b offset:1889 count:937 end:2825
2025-11-06T07:22:17.432Z f0d81047-e84e-452d-886f-99afbcf074b3 debug: OperationQueue.operate() Job ff2f4866-8051-4eba-b418-43cff60151a1 completes callback, resolve.
2025-11-06T07:22:17.432Z f0d81047-e84e-452d-886f-99afbcf074b3 verbose: SerializerMiddleware: Start serializing...
2025-11-06T07:22:17.432Z f0d81047-e84e-452d-886f-99afbcf074b3 info: Serializer: Start returning stream body.
2025-11-06T07:22:17.433Z f0d81047-e84e-452d-886f-99afbcf074b3 debug: OperationQueue:execute() Current runningConcurrency:0 maxConcurrency:100 operations.length:0
2025-11-06T07:22:17.433Z f0d81047-e84e-452d-886f-99afbcf074b3 debug: OperationQueue:execute() return. Operation.length === 0
2025-11-06T07:22:17.433Z f0d81047-e84e-452d-886f-99afbcf074b3 verbose: FSExtentStore:readExtent() Read stream closed. LocationId:Default extentId:3d8567bc-bcf6-45c0-87af-36d7ce208c7b path:__blobstorage__\3d8567bc-bcf6-45c0-87af-36d7ce208c7b offset:1889 count:937 end:2825
2025-11-06T07:22:17.433Z f0d81047-e84e-452d-886f-99afbcf074b3 error: ErrorMiddleware: Received an error, fill error information to HTTP response
2025-11-06T07:22:17.433Z f0d81047-e84e-452d-886f-99afbcf074b3 error: ErrorMiddleware: ErrorName=Error ErrorMessage=ENOENT: no such file or directory, open 'C:\Repo\AITTrainings\LogicApps\UpsertEmployee\UpsertEmployee\__blobstorage__\3d8567bc-bcf6-45c0-87af-36d7ce208c7b' ErrorStack="Error: ENOENT: no such file or directory, open 'C:\\Repo\\AITTrainings\\LogicApps\\UpsertEmployee\\UpsertEmployee\\__blobstorage__\\3d8567bc-bcf6-45c0-87af-36d7ce208c7b'"
2025-11-06T07:22:17.433Z f0d81047-e84e-452d-886f-99afbcf074b3 error: ErrorMiddleware: Set HTTP code: 500
2025-11-06T07:22:17.434Z f0d81047-e84e-452d-886f-99afbcf074b3 verbose: Send Blob telemetry: B_Blob_Download
2025-11-06T07:22:17.434Z f0d81047-e84e-452d-886f-99afbcf074b3 info: EndMiddleware: End response. TotalTimeInMS=4 StatusCode=500 StatusMessage=undefined Headers={"server":"Azurite-Blob/3.35.0","last-modified":"Wed, 05 Nov 2025 04:49:22 GMT","x-ms-creation-time":"Wed, 05 Nov 2025 04:49:22 GMT","content-length":"937","content-type":"application/octet-stream","etag":"\"0x1E1AA788E8484B0\"","content-md5":"NGKYP6VE2NaDiZ+cFND9nA==","x-ms-blob-type":"BlockBlob","x-ms-lease-state":"available","x-ms-lease-status":"unlocked","x-ms-client-request-id":"dcaca298-9ed6-4b72-9945-96c5afb6da17","x-ms-request-id":"f0d81047-e84e-452d-886f-99afbcf074b3","x-ms-version":"2025-11-05","accept-ranges":"bytes","date":"Thu, 06 Nov 2025 07:22:17 GMT","x-ms-server-encrypted":"true","x-ms-blob-content-md5":"NGKYP6VE2NaDiZ+cFND9nA=="}
2025-11-06T07:22:20.864Z f257d211-57c5-4260-aa77-d45eead251ee info: BlobStorageContextMiddleware: RequestMethod=GET RequestURL=http://127.0.0.1/devstoreaccount1/azure-webjobs-secrets/neudesic91hz444-1219719741/host.json RequestHeaders:{"host":"127.0.0.1:10000","x-ms-version":"2023-11-03","accept":"application/xml","x-ms-client-request-id":"dcaca298-9ed6-4b72-9945-96c5afb6da17","x-ms-return-client-request-id":"true","user-agent":"azsdk-net-Storage.Blobs/12.19.1 (.NET 8.0.19; Microsoft Windows 10.0.26200)","x-ms-date":"Thu, 06 Nov 2025 07:22:20 GMT","authorization":"SharedKey devstoreaccount1:yeaYznL+nu+PdULcC6KiJWj3s4cxeQjxo86OAxifwC8="} ClientIP=127.0.0.1 Protocol=http HTTPVersion=1.1
2025-11-06T07:22:20.864Z f257d211-57c5-4260-aa77-d45eead251ee info: BlobStorageContextMiddleware: Account=devstoreaccount1 Container=azure-webjobs-secrets Blob=neudesic91hz444-1219719741/host.json
2025-11-06T07:22:20.865Z f257d211-57c5-4260-aa77-d45eead251ee verbose: DispatchMiddleware: Dispatching request...
2025-11-06T07:22:20.865Z f257d211-57c5-4260-aa77-d45eead251ee info: DispatchMiddleware: Operation=Blob_Download
2025-11-06T07:22:20.865Z f257d211-57c5-4260-aa77-d45eead251ee verbose: AuthenticationMiddlewareFactory:createAuthenticationMiddleware() Validating authentications.
2025-11-06T07:22:20.865Z f257d211-57c5-4260-aa77-d45eead251ee info: PublicAccessAuthenticator:validate() Start validation against public access.
2025-11-06T07:22:20.866Z f257d211-57c5-4260-aa77-d45eead251ee debug: PublicAccessAuthenticator:validate() Getting account properties...
2025-11-06T07:22:20.866Z f257d211-57c5-4260-aa77-d45eead251ee debug: PublicAccessAuthenticator:validate() Retrieved account name from context: devstoreaccount1, container: azure-webjobs-secrets, blob: neudesic91hz444-1219719741/host.json
2025-11-06T07:22:20.866Z f257d211-57c5-4260-aa77-d45eead251ee debug: PublicAccessAuthenticator:validate() Skip public access authentication. Cannot get public access type for container azure-webjobs-secrets
2025-11-06T07:22:20.866Z f257d211-57c5-4260-aa77-d45eead251ee info: BlobSharedKeyAuthenticator:validate() Start validation against account shared key authentication.
2025-11-06T07:22:20.866Z f257d211-57c5-4260-aa77-d45eead251ee info: BlobSharedKeyAuthenticator:validate() [STRING TO SIGN]:"GET\n\n\n\n\n\n\n\n\n\n\n\nx-ms-client-request-id:dcaca298-9ed6-4b72-9945-96c5afb6da17\nx-ms-date:Thu, 06 Nov 2025 07:22:20 GMT\nx-ms-return-client-request-id:true\nx-ms-version:2023-11-03\n/devstoreaccount1/devstoreaccount1/azure-webjobs-secrets/neudesic91hz444-1219719741/host.json"
2025-11-06T07:22:20.866Z f257d211-57c5-4260-aa77-d45eead251ee info: BlobSharedKeyAuthenticator:validate() Calculated authentication header based on key1: SharedKey devstoreaccount1:yeaYznL+nu+PdULcC6KiJWj3s4cxeQjxo86OAxifwC8=
2025-11-06T07:22:20.866Z f257d211-57c5-4260-aa77-d45eead251ee info: BlobSharedKeyAuthenticator:validate() Signature 1 matched.
2025-11-06T07:22:20.866Z f257d211-57c5-4260-aa77-d45eead251ee verbose: DeserializerMiddleware: Start deserializing...
2025-11-06T07:22:20.866Z f257d211-57c5-4260-aa77-d45eead251ee info: HandlerMiddleware: DeserializedParameters={"options":{"requestId":"dcaca298-9ed6-4b72-9945-96c5afb6da17","leaseAccessConditions":{},"cpkInfo":{},"modifiedAccessConditions":{}},"version":"2023-11-03"}
2025-11-06T07:22:20.867Z f257d211-57c5-4260-aa77-d45eead251ee info: BlobHandler:downloadBlockBlobOrAppendBlob() NormalizedDownloadRange=bytes=0-936 RequiredContentLength=937
2025-11-06T07:22:20.867Z f257d211-57c5-4260-aa77-d45eead251ee debug: OperationQueue.operate() Schedule incoming job 5afcb6ca-61f8-4fff-8c6b-e6fa9c4829fc
2025-11-06T07:22:20.867Z f257d211-57c5-4260-aa77-d45eead251ee debug: OperationQueue:execute() Current runningConcurrency:0 maxConcurrency:100 operations.length:1
2025-11-06T07:22:20.867Z f257d211-57c5-4260-aa77-d45eead251ee verbose: FSExtentStore:readExtent() Creating read stream. LocationId:Default extentId:3d8567bc-bcf6-45c0-87af-36d7ce208c7b path:__blobstorage__\3d8567bc-bcf6-45c0-87af-36d7ce208c7b offset:1889 count:937 end:2825
2025-11-06T07:22:20.867Z f257d211-57c5-4260-aa77-d45eead251ee debug: OperationQueue.operate() Job 5afcb6ca-61f8-4fff-8c6b-e6fa9c4829fc completes callback, resolve.
2025-11-06T07:22:20.868Z f257d211-57c5-4260-aa77-d45eead251ee verbose: SerializerMiddleware: Start serializing...
2025-11-06T07:22:20.868Z f257d211-57c5-4260-aa77-d45eead251ee info: Serializer: Start returning stream body.
2025-11-06T07:22:20.869Z f257d211-57c5-4260-aa77-d45eead251ee debug: OperationQueue:execute() Current runningConcurrency:0 maxConcurrency:100 operations.length:0
2025-11-06T07:22:20.869Z f257d211-57c5-4260-aa77-d45eead251ee debug: OperationQueue:execute() return. Operation.length === 0
2025-11-06T07:22:20.870Z f257d211-57c5-4260-aa77-d45eead251ee verbose: FSExtentStore:readExtent() Read stream closed. LocationId:Default extentId:3d8567bc-bcf6-45c0-87af-36d7ce208c7b path:__blobstorage__\3d8567bc-bcf6-45c0-87af-36d7ce208c7b offset:1889 count:937 end:2825
2025-11-06T07:22:20.870Z f257d211-57c5-4260-aa77-d45eead251ee error: ErrorMiddleware: Received an error, fill error information to HTTP response
2025-11-06T07:22:20.870Z f257d211-57c5-4260-aa77-d45eead251ee error: ErrorMiddleware: ErrorName=Error ErrorMessage=ENOENT: no such file or directory, open 'C:\Repo\AITTrainings\LogicApps\UpsertEmployee\UpsertEmployee\__blobstorage__\3d8567bc-bcf6-45c0-87af-36d7ce208c7b' ErrorStack="Error: ENOENT: no such file or directory, open 'C:\\Repo\\AITTrainings\\LogicApps\\UpsertEmployee\\UpsertEmployee\\__blobstorage__\\3d8567bc-bcf6-45c0-87af-36d7ce208c7b'"
2025-11-06T07:22:20.870Z f257d211-57c5-4260-aa77-d45eead251ee error: ErrorMiddleware: Set HTTP code: 500
2025-11-06T07:22:20.871Z f257d211-57c5-4260-aa77-d45eead251ee verbose: Send Blob telemetry: B_Blob_Download
2025-11-06T07:22:20.871Z f257d211-57c5-4260-aa77-d45eead251ee info: EndMiddleware: End response. TotalTimeInMS=7 StatusCode=500 StatusMessage=undefined Headers={"server":"Azurite-Blob/3.35.0","last-modified":"Wed, 05 Nov 2025 04:49:22 GMT","x-ms-creation-time":"Wed, 05 Nov 2025 04:49:22 GMT","content-length":"937","content-type":"application/octet-stream","etag":"\"0x1E1AA788E8484B0\"","content-md5":"NGKYP6VE2NaDiZ+cFND9nA==","x-ms-blob-type":"BlockBlob","x-ms-lease-state":"available","x-ms-lease-status":"unlocked","x-ms-client-request-id":"dcaca298-9ed6-4b72-9945-96c5afb6da17","x-ms-request-id":"f257d211-57c5-4260-aa77-d45eead251ee","x-ms-version":"2025-11-05","accept-ranges":"bytes","date":"Thu, 06 Nov 2025 07:22:20 GMT","x-ms-server-encrypted":"true","x-ms-blob-content-md5":"NGKYP6VE2NaDiZ+cFND9nA=="}
2025-11-06T07:22:26.500Z 662b8f11-06c7-42ed-9394-310b3987f3f0 info: BlobStorageContextMiddleware: RequestMethod=GET RequestURL=http://127.0.0.1/devstoreaccount1/azure-webjobs-secrets/neudesic91hz444-1219719741/host.json RequestHeaders:{"host":"127.0.0.1:10000","x-ms-version":"2023-11-03","accept":"application/xml","x-ms-client-request-id":"dcaca298-9ed6-4b72-9945-96c5afb6da17","x-ms-return-client-request-id":"true","user-agent":"azsdk-net-Storage.Blobs/12.19.1 (.NET 8.0.19; Microsoft Windows 10.0.26200)","x-ms-date":"Thu, 06 Nov 2025 07:22:26 GMT","authorization":"SharedKey devstoreaccount1:bu5Vjip85TyQ00oB2L3oJZsMT89x5lZxpi0OTiBuSMY="} ClientIP=127.0.0.1 Protocol=http HTTPVersion=1.1
2025-11-06T07:22:26.501Z 662b8f11-06c7-42ed-9394-310b3987f3f0 info: BlobStorageContextMiddleware: Account=devstoreaccount1 Container=azure-webjobs-secrets Blob=neudesic91hz444-1219719741/host.json
2025-11-06T07:22:26.501Z 662b8f11-06c7-42ed-9394-310b3987f3f0 verbose: DispatchMiddleware: Dispatching request...
2025-11-06T07:22:26.501Z 662b8f11-06c7-42ed-9394-310b3987f3f0 info: DispatchMiddleware: Operation=Blob_Download
2025-11-06T07:22:26.501Z 662b8f11-06c7-42ed-9394-310b3987f3f0 verbose: AuthenticationMiddlewareFactory:createAuthenticationMiddleware() Validating authentications.
2025-11-06T07:22:26.501Z 662b8f11-06c7-42ed-9394-310b3987f3f0 info: PublicAccessAuthenticator:validate() Start validation against public access.
2025-11-06T07:22:26.501Z 662b8f11-06c7-42ed-9394-310b3987f3f0 debug: PublicAccessAuthenticator:validate() Getting account properties...
2025-11-06T07:22:26.501Z 662b8f11-06c7-42ed-9394-310b3987f3f0 debug: PublicAccessAuthenticator:validate() Retrieved account name from context: devstoreaccount1, container: azure-webjobs-secrets, blob: neudesic91hz444-1219719741/host.json
2025-11-06T07:22:26.502Z 662b8f11-06c7-42ed-9394-310b3987f3f0 debug: PublicAccessAuthenticator:validate() Skip public access authentication. Cannot get public access type for container azure-webjobs-secrets
2025-11-06T07:22:26.502Z 662b8f11-06c7-42ed-9394-310b3987f3f0 info: BlobSharedKeyAuthenticator:validate() Start validation against account shared key authentication.
2025-11-06T07:22:26.502Z 662b8f11-06c7-42ed-9394-310b3987f3f0 info: BlobSharedKeyAuthenticator:validate() [STRING TO SIGN]:"GET\n\n\n\n\n\n\n\n\n\n\n\nx-ms-client-request-id:dcaca298-9ed6-4b72-9945-96c5afb6da17\nx-ms-date:Thu, 06 Nov 2025 07:22:26 GMT\nx-ms-return-client-request-id:true\nx-ms-version:2023-11-03\n/devstoreaccount1/devstoreaccount1/azure-webjobs-secrets/neudesic91hz444-1219719741/host.json"
2025-11-06T07:22:26.502Z 662b8f11-06c7-42ed-9394-310b3987f3f0 info: BlobSharedKeyAuthenticator:validate() Calculated authentication header based on key1: SharedKey devstoreaccount1:bu5Vjip85TyQ00oB2L3oJZsMT89x5lZxpi0OTiBuSMY=
2025-11-06T07:22:26.502Z 662b8f11-06c7-42ed-9394-310b3987f3f0 info: BlobSharedKeyAuthenticator:validate() Signature 1 matched.
2025-11-06T07:22:26.502Z 662b8f11-06c7-42ed-9394-310b3987f3f0 verbose: DeserializerMiddleware: Start deserializing...
2025-11-06T07:22:26.502Z 662b8f11-06c7-42ed-9394-310b3987f3f0 info: HandlerMiddleware: DeserializedParameters={"options":{"requestId":"dcaca298-9ed6-4b72-9945-96c5afb6da17","leaseAccessConditions":{},"cpkInfo":{},"modifiedAccessConditions":{}},"version":"2023-11-03"}
2025-11-06T07:22:26.502Z 662b8f11-06c7-42ed-9394-310b3987f3f0 info: BlobHandler:downloadBlockBlobOrAppendBlob() NormalizedDownloadRange=bytes=0-936 RequiredContentLength=937
2025-11-06T07:22:26.503Z 662b8f11-06c7-42ed-9394-310b3987f3f0 debug: OperationQueue.operate() Schedule incoming job 55d79f72-c381-4934-a0bc-b19f06b10450
2025-11-06T07:22:26.503Z 662b8f11-06c7-42ed-9394-310b3987f3f0 debug: OperationQueue:execute() Current runningConcurrency:0 maxConcurrency:100 operations.length:1
2025-11-06T07:22:26.503Z 662b8f11-06c7-42ed-9394-310b3987f3f0 verbose: FSExtentStore:readExtent() Creating read stream. LocationId:Default extentId:3d8567bc-bcf6-45c0-87af-36d7ce208c7b path:__blobstorage__\3d8567bc-bcf6-45c0-87af-36d7ce208c7b offset:1889 count:937 end:2825
2025-11-06T07:22:26.503Z 662b8f11-06c7-42ed-9394-310b3987f3f0 debug: OperationQueue.operate() Job 55d79f72-c381-4934-a0bc-b19f06b10450 completes callback, resolve.
2025-11-06T07:22:26.503Z 662b8f11-06c7-42ed-9394-310b3987f3f0 verbose: SerializerMiddleware: Start serializing...
2025-11-06T07:22:26.503Z 662b8f11-06c7-42ed-9394-310b3987f3f0 info: Serializer: Start returning stream body.
2025-11-06T07:22:26.504Z 662b8f11-06c7-42ed-9394-310b3987f3f0 debug: OperationQueue:execute() Current runningConcurrency:0 maxConcurrency:100 operations.length:0
2025-11-06T07:22:26.504Z 662b8f11-06c7-42ed-9394-310b3987f3f0 debug: OperationQueue:execute() return. Operation.length === 0
2025-11-06T07:22:26.504Z 662b8f11-06c7-42ed-9394-310b3987f3f0 verbose: FSExtentStore:readExtent() Read stream closed. LocationId:Default extentId:3d8567bc-bcf6-45c0-87af-36d7ce208c7b path:__blobstorage__\3d8567bc-bcf6-45c0-87af-36d7ce208c7b offset:1889 count:937 end:2825
2025-11-06T07:22:26.504Z 662b8f11-06c7-42ed-9394-310b3987f3f0 error: ErrorMiddleware: Received an error, fill error information to HTTP response
2025-11-06T07:22:26.504Z 662b8f11-06c7-42ed-9394-310b3987f3f0 error: ErrorMiddleware: ErrorName=Error ErrorMessage=ENOENT: no such file or directory, open 'C:\Repo\AITTrainings\LogicApps\UpsertEmployee\UpsertEmployee\__blobstorage__\3d8567bc-bcf6-45c0-87af-36d7ce208c7b' ErrorStack="Error: ENOENT: no such file or directory, open 'C:\\Repo\\AITTrainings\\LogicApps\\UpsertEmployee\\UpsertEmployee\\__blobstorage__\\3d8567bc-bcf6-45c0-87af-36d7ce208c7b'"
2025-11-06T07:22:26.504Z 662b8f11-06c7-42ed-9394-310b3987f3f0 error: ErrorMiddleware: Set HTTP code: 500
2025-11-06T07:22:26.505Z 662b8f11-06c7-42ed-9394-310b3987f3f0 verbose: Send Blob telemetry: B_Blob_Download
2025-11-06T07:22:26.505Z 662b8f11-06c7-42ed-9394-310b3987f3f0 info: EndMiddleware: End response. TotalTimeInMS=5 StatusCode=500 StatusMessage=undefined Headers={"server":"Azurite-Blob/3.35.0","last-modified":"Wed, 05 Nov 2025 04:49:22 GMT","x-ms-creation-time":"Wed, 05 Nov 2025 04:49:22 GMT","content-length":"937","content-type":"application/octet-stream","etag":"\"0x1E1AA788E8484B0\"","content-md5":"NGKYP6VE2NaDiZ+cFND9nA==","x-ms-blob-type":"BlockBlob","x-ms-lease-state":"available","x-ms-lease-status":"unlocked","x-ms-client-request-id":"dcaca298-9ed6-4b72-9945-96c5afb6da17","x-ms-request-id":"662b8f11-06c7-42ed-9394-310b3987f3f0","x-ms-version":"2025-11-05","accept-ranges":"bytes","date":"Thu, 06 Nov 2025 07:22:26 GMT","x-ms-server-encrypted":"true","x-ms-blob-content-md5":"NGKYP6VE2NaDiZ+cFND9nA=="}
2025-11-06T07:22:37.562Z 147d523e-5d6b-450e-8de8-dc9ea733f97f info: BlobStorageContextMiddleware: RequestMethod=GET RequestURL=http://127.0.0.1/devstoreaccount1/azure-webjobs-secrets/neudesic91hz444-1219719741/host.json RequestHeaders:{"host":"127.0.0.1:10000","x-ms-version":"2023-11-03","accept":"application/xml","x-ms-client-request-id":"dcaca298-9ed6-4b72-9945-96c5afb6da17","x-ms-return-client-request-id":"true","user-agent":"azsdk-net-Storage.Blobs/12.19.1 (.NET 8.0.19; Microsoft Windows 10.0.26200)","x-ms-date":"Thu, 06 Nov 2025 07:22:37 GMT","authorization":"SharedKey devstoreaccount1:0GXuavTaDCr1AV7/0UVKZ8c+88RRyxCs947/hfyMU8E="} ClientIP=127.0.0.1 Protocol=http HTTPVersion=1.1
2025-11-06T07:22:37.562Z 147d523e-5d6b-450e-8de8-dc9ea733f97f info: BlobStorageContextMiddleware: Account=devstoreaccount1 Container=azure-webjobs-secrets Blob=neudesic91hz444-1219719741/host.json
2025-11-06T07:22:37.563Z 147d523e-5d6b-450e-8de8-dc9ea733f97f verbose: DispatchMiddleware: Dispatching request...
2025-11-06T07:22:37.563Z 147d523e-5d6b-450e-8de8-dc9ea733f97f info: DispatchMiddleware: Operation=Blob_Download
2025-11-06T07:22:37.563Z 147d523e-5d6b-450e-8de8-dc9ea733f97f verbose: AuthenticationMiddlewareFactory:createAuthenticationMiddleware() Validating authentications.
2025-11-06T07:22:37.564Z 147d523e-5d6b-450e-8de8-dc9ea733f97f info: PublicAccessAuthenticator:validate() Start validation against public access.
2025-11-06T07:22:37.564Z 147d523e-5d6b-450e-8de8-dc9ea733f97f debug: PublicAccessAuthenticator:validate() Getting account properties...
2025-11-06T07:22:37.564Z 147d523e-5d6b-450e-8de8-dc9ea733f97f debug: PublicAccessAuthenticator:validate() Retrieved account name from context: devstoreaccount1, container: azure-webjobs-secrets, blob: neudesic91hz444-1219719741/host.json
2025-11-06T07:22:37.564Z 147d523e-5d6b-450e-8de8-dc9ea733f97f debug: PublicAccessAuthenticator:validate() Skip public access authentication. Cannot get public access type for container azure-webjobs-secrets
2025-11-06T07:22:37.564Z 147d523e-5d6b-450e-8de8-dc9ea733f97f info: BlobSharedKeyAuthenticator:validate() Start validation against account shared key authentication.
2025-11-06T07:22:37.564Z 147d523e-5d6b-450e-8de8-dc9ea733f97f info: BlobSharedKeyAuthenticator:validate() [STRING TO SIGN]:"GET\n\n\n\n\n\n\n\n\n\n\n\nx-ms-client-request-id:dcaca298-9ed6-4b72-9945-96c5afb6da17\nx-ms-date:Thu, 06 Nov 2025 07:22:37 GMT\nx-ms-return-client-request-id:true\nx-ms-version:2023-11-03\n/devstoreaccount1/devstoreaccount1/azure-webjobs-secrets/neudesic91hz444-1219719741/host.json"
2025-11-06T07:22:37.564Z 147d523e-5d6b-450e-8de8-dc9ea733f97f info: BlobSharedKeyAuthenticator:validate() Calculated authentication header based on key1: SharedKey devstoreaccount1:0GXuavTaDCr1AV7/0UVKZ8c+88RRyxCs947/hfyMU8E=
2025-11-06T07:22:37.564Z 147d523e-5d6b-450e-8de8-dc9ea733f97f info: BlobSharedKeyAuthenticator:validate() Signature 1 matched.
2025-11-06T07:22:37.565Z 147d523e-5d6b-450e-8de8-dc9ea733f97f verbose: DeserializerMiddleware: Start deserializing...
2025-11-06T07:22:37.565Z 147d523e-5d6b-450e-8de8-dc9ea733f97f info: HandlerMiddleware: DeserializedParameters={"options":{"requestId":"dcaca298-9ed6-4b72-9945-96c5afb6da17","leaseAccessConditions":{},"cpkInfo":{},"modifiedAccessConditions":{}},"version":"2023-11-03"}
2025-11-06T07:22:37.565Z 147d523e-5d6b-450e-8de8-dc9ea733f97f info: BlobHandler:downloadBlockBlobOrAppendBlob() NormalizedDownloadRange=bytes=0-936 RequiredContentLength=937
2025-11-06T07:22:37.565Z 147d523e-5d6b-450e-8de8-dc9ea733f97f debug: OperationQueue.operate() Schedule incoming job 4ce10cd2-a8f6-4862-8255-4ccc07cd98b2
2025-11-06T07:22:37.566Z 147d523e-5d6b-450e-8de8-dc9ea733f97f debug: OperationQueue:execute() Current runningConcurrency:0 maxConcurrency:100 operations.length:1
2025-11-06T07:22:37.566Z 147d523e-5d6b-450e-8de8-dc9ea733f97f verbose: FSExtentStore:readExtent() Creating read stream. LocationId:Default extentId:3d8567bc-bcf6-45c0-87af-36d7ce208c7b path:__blobstorage__\3d8567bc-bcf6-45c0-87af-36d7ce208c7b offset:1889 count:937 end:2825
2025-11-06T07:22:37.566Z 147d523e-5d6b-450e-8de8-dc9ea733f97f debug: OperationQueue.operate() Job 4ce10cd2-a8f6-4862-8255-4ccc07cd98b2 completes callback, resolve.
2025-11-06T07:22:37.566Z 147d523e-5d6b-450e-8de8-dc9ea733f97f verbose: SerializerMiddleware: Start serializing...
2025-11-06T07:22:37.566Z 147d523e-5d6b-450e-8de8-dc9ea733f97f info: Serializer: Start returning stream body.
2025-11-06T07:22:37.567Z 147d523e-5d6b-450e-8de8-dc9ea733f97f debug: OperationQueue:execute() Current runningConcurrency:0 maxConcurrency:100 operations.length:0
2025-11-06T07:22:37.567Z 147d523e-5d6b-450e-8de8-dc9ea733f97f debug: OperationQueue:execute() return. Operation.length === 0
2025-11-06T07:22:37.567Z 147d523e-5d6b-450e-8de8-dc9ea733f97f verbose: FSExtentStore:readExtent() Read stream closed. LocationId:Default extentId:3d8567bc-bcf6-45c0-87af-36d7ce208c7b path:__blobstorage__\3d8567bc-bcf6-45c0-87af-36d7ce208c7b offset:1889 count:937 end:2825
2025-11-06T07:22:37.567Z 147d523e-5d6b-450e-8de8-dc9ea733f97f error: ErrorMiddleware: Received an error, fill error information to HTTP response
2025-11-06T07:22:37.567Z 147d523e-5d6b-450e-8de8-dc9ea733f97f error: ErrorMiddleware: ErrorName=Error ErrorMessage=ENOENT: no such file or directory, open 'C:\Repo\AITTrainings\LogicApps\UpsertEmployee\UpsertEmployee\__blobstorage__\3d8567bc-bcf6-45c0-87af-36d7ce208c7b' ErrorStack="Error: ENOENT: no such file or directory, open 'C:\\Repo\\AITTrainings\\LogicApps\\UpsertEmployee\\UpsertEmployee\\__blobstorage__\\3d8567bc-bcf6-45c0-87af-36d7ce208c7b'"
2025-11-06T07:22:37.568Z 147d523e-5d6b-450e-8de8-dc9ea733f97f error: ErrorMiddleware: Set HTTP code: 500
2025-11-06T07:22:37.568Z 147d523e-5d6b-450e-8de8-dc9ea733f97f verbose: Send Blob telemetry: B_Blob_Download
2025-11-06T07:22:37.568Z 147d523e-5d6b-450e-8de8-dc9ea733f97f info: EndMiddleware: End response. TotalTimeInMS=6 StatusCode=500 StatusMessage=undefined Headers={"server":"Azurite-Blob/3.35.0","last-modified":"Wed, 05 Nov 2025 04:49:22 GMT","x-ms-creation-time":"Wed, 05 Nov 2025 04:49:22 GMT","content-length":"937","content-type":"application/octet-stream","etag":"\"0x1E1AA788E8484B0\"","content-md5":"NGKYP6VE2NaDiZ+cFND9nA==","x-ms-blob-type":"BlockBlob","x-ms-lease-state":"available","x-ms-lease-status":"unlocked","x-ms-client-request-id":"dcaca298-9ed6-4b72-9945-96c5afb6da17","x-ms-request-id":"147d523e-5d6b-450e-8de8-dc9ea733f97f","x-ms-version":"2025-11-05","accept-ranges":"bytes","date":"Thu, 06 Nov 2025 07:22:37 GMT","x-ms-server-encrypted":"true","x-ms-blob-content-md5":"NGKYP6VE2NaDiZ+cFND9nA=="}
2025-11-06T07:22:43.623Z 08ea11c9-26ed-4eb7-91c9-da9174ece68a info: BlobStorageContextMiddleware: RequestMethod=HEAD RequestURL=http://127.0.0.1/devstoreaccount1/azure-webjobs-secrets/neudesic91hz444-1219719741/host.json RequestHeaders:{"host":"127.0.0.1:10000","x-ms-version":"2023-11-03","accept":"application/xml","x-ms-client-request-id":"ae8b3b8e-36cc-42c8-9430-44976d4eeab1","x-ms-return-client-request-id":"true","user-agent":"azsdk-net-Storage.Blobs/12.19.1 (.NET 8.0.19; Microsoft Windows 10.0.26200)","x-ms-date":"Thu, 06 Nov 2025 07:22:43 GMT","authorization":"SharedKey devstoreaccount1:AtuSJNMtUEfFpHebWX3UtC8BEl4n04wciFy7/JAjKw4="} ClientIP=127.0.0.1 Protocol=http HTTPVersion=1.1
2025-11-06T07:22:43.623Z 08ea11c9-26ed-4eb7-91c9-da9174ece68a info: BlobStorageContextMiddleware: Account=devstoreaccount1 Container=azure-webjobs-secrets Blob=neudesic91hz444-1219719741/host.json
2025-11-06T07:22:43.623Z 08ea11c9-26ed-4eb7-91c9-da9174ece68a verbose: DispatchMiddleware: Dispatching request...
2025-11-06T07:22:43.624Z 08ea11c9-26ed-4eb7-91c9-da9174ece68a info: DispatchMiddleware: Operation=Blob_GetProperties
2025-11-06T07:22:43.624Z 08ea11c9-26ed-4eb7-91c9-da9174ece68a verbose: AuthenticationMiddlewareFactory:createAuthenticationMiddleware() Validating authentications.
2025-11-06T07:22:43.624Z 08ea11c9-26ed-4eb7-91c9-da9174ece68a info: PublicAccessAuthenticator:validate() Start validation against public access.
2025-11-06T07:22:43.624Z 08ea11c9-26ed-4eb7-91c9-da9174ece68a debug: PublicAccessAuthenticator:validate() Getting account properties...
2025-11-06T07:22:43.624Z 08ea11c9-26ed-4eb7-91c9-da9174ece68a debug: PublicAccessAuthenticator:validate() Retrieved account name from context: devstoreaccount1, container: azure-webjobs-secrets, blob: neudesic91hz444-1219719741/host.json
2025-11-06T07:22:43.624Z 08ea11c9-26ed-4eb7-91c9-da9174ece68a debug: PublicAccessAuthenticator:validate() Skip public access authentication. Cannot get public access type for container azure-webjobs-secrets
2025-11-06T07:22:43.624Z 08ea11c9-26ed-4eb7-91c9-da9174ece68a info: BlobSharedKeyAuthenticator:validate() Start validation against account shared key authentication.
2025-11-06T07:22:43.624Z 08ea11c9-26ed-4eb7-91c9-da9174ece68a info: BlobSharedKeyAuthenticator:validate() [STRING TO SIGN]:"HEAD\n\n\n\n\n\n\n\n\n\n\n\nx-ms-client-request-id:ae8b3b8e-36cc-42c8-9430-44976d4eeab1\nx-ms-date:Thu, 06 Nov 2025 07:22:43 GMT\nx-ms-return-client-request-id:true\nx-ms-version:2023-11-03\n/devstoreaccount1/devstoreaccount1/azure-webjobs-secrets/neudesic91hz444-1219719741/host.json"
2025-11-06T07:22:43.625Z 08ea11c9-26ed-4eb7-91c9-da9174ece68a info: BlobSharedKeyAuthenticator:validate() Calculated authentication header based on key1: SharedKey devstoreaccount1:AtuSJNMtUEfFpHebWX3UtC8BEl4n04wciFy7/JAjKw4=
2025-11-06T07:22:43.625Z 08ea11c9-26ed-4eb7-91c9-da9174ece68a info: BlobSharedKeyAuthenticator:validate() Signature 1 matched.
2025-11-06T07:22:43.625Z 08ea11c9-26ed-4eb7-91c9-da9174ece68a verbose: DeserializerMiddleware: Start deserializing...
2025-11-06T07:22:43.625Z 08ea11c9-26ed-4eb7-91c9-da9174ece68a info: HandlerMiddleware: DeserializedParameters={"options":{"requestId":"ae8b3b8e-36cc-42c8-9430-44976d4eeab1","leaseAccessConditions":{},"cpkInfo":{},"modifiedAccessConditions":{}},"version":"2023-11-03"}
2025-11-06T07:22:43.625Z 08ea11c9-26ed-4eb7-91c9-da9174ece68a verbose: SerializerMiddleware: Start serializing...
2025-11-06T07:22:43.626Z 08ea11c9-26ed-4eb7-91c9-da9174ece68a verbose: Send Blob telemetry: B_Blob_GetProperties
2025-11-06T07:22:43.626Z 08ea11c9-26ed-4eb7-91c9-da9174ece68a info: EndMiddleware: End response. TotalTimeInMS=3 StatusCode=200 StatusMessage=undefined Headers={"server":"Azurite-Blob/3.35.0","last-modified":"Wed, 05 Nov 2025 04:49:22 GMT","x-ms-creation-time":"Wed, 05 Nov 2025 04:49:22 GMT","x-ms-blob-type":"BlockBlob","x-ms-lease-state":"available","x-ms-lease-status":"unlocked","content-length":"937","content-type":"application/octet-stream","etag":"\"0x1E1AA788E8484B0\"","content-md5":"NGKYP6VE2NaDiZ+cFND9nA==","x-ms-client-request-id":"ae8b3b8e-36cc-42c8-9430-44976d4eeab1","x-ms-request-id":"08ea11c9-26ed-4eb7-91c9-da9174ece68a","x-ms-version":"2025-11-05","date":"Thu, 06 Nov 2025 07:22:43 GMT","accept-ranges":"bytes","x-ms-server-encrypted":"true","x-ms-access-tier":"Hot","x-ms-access-tier-inferred":"true","x-ms-access-tier-change-time":"Wed, 05 Nov 2025 04:49:22 GMT"}
2025-11-06T07:22:43.649Z cfb7d367-b97d-44bb-aa9d-5678ffedbb8f info: BlobStorageContextMiddleware: RequestMethod=GET RequestURL=http://127.0.0.1/devstoreaccount1/azure-webjobs-secrets/neudesic91hz444-1219719741/host.json RequestHeaders:{"host":"127.0.0.1:10000","x-ms-version":"2023-11-03","accept":"application/xml","x-ms-client-request-id":"50fa84a3-911e-4197-83ed-108b41197e3e","x-ms-return-client-request-id":"true","user-agent":"azsdk-net-Storage.Blobs/12.19.1 (.NET 8.0.19; Microsoft Windows 10.0.26200)","x-ms-date":"Thu, 06 Nov 2025 07:22:43 GMT","authorization":"SharedKey devstoreaccount1:PEE7hpOpSdOfwn3qlaZbkG/zB3O82ILnTPSt/+uni6Q="} ClientIP=127.0.0.1 Protocol=http HTTPVersion=1.1
2025-11-06T07:22:43.649Z cfb7d367-b97d-44bb-aa9d-5678ffedbb8f info: BlobStorageContextMiddleware: Account=devstoreaccount1 Container=azure-webjobs-secrets Blob=neudesic91hz444-1219719741/host.json
2025-11-06T07:22:43.649Z cfb7d367-b97d-44bb-aa9d-5678ffedbb8f verbose: DispatchMiddleware: Dispatching request...
2025-11-06T07:22:43.650Z cfb7d367-b97d-44bb-aa9d-5678ffedbb8f info: DispatchMiddleware: Operation=Blob_Download
2025-11-06T07:22:43.650Z cfb7d367-b97d-44bb-aa9d-5678ffedbb8f verbose: AuthenticationMiddlewareFactory:createAuthenticationMiddleware() Validating authentications.
2025-11-06T07:22:43.650Z cfb7d367-b97d-44bb-aa9d-5678ffedbb8f info: PublicAccessAuthenticator:validate() Start validation against public access.
2025-11-06T07:22:43.650Z cfb7d367-b97d-44bb-aa9d-5678ffedbb8f debug: PublicAccessAuthenticator:validate() Getting account properties...
2025-11-06T07:22:43.650Z cfb7d367-b97d-44bb-aa9d-5678ffedbb8f debug: PublicAccessAuthenticator:validate() Retrieved account name from context: devstoreaccount1, container: azure-webjobs-secrets, blob: neudesic91hz444-1219719741/host.json
2025-11-06T07:22:43.650Z cfb7d367-b97d-44bb-aa9d-5678ffedbb8f debug: PublicAccessAuthenticator:validate() Skip public access authentication. Cannot get public access type for container azure-webjobs-secrets
2025-11-06T07:22:43.650Z cfb7d367-b97d-44bb-aa9d-5678ffedbb8f info: BlobSharedKeyAuthenticator:validate() Start validation against account shared key authentication.
2025-11-06T07:22:43.650Z cfb7d367-b97d-44bb-aa9d-5678ffedbb8f info: BlobSharedKeyAuthenticator:validate() [STRING TO SIGN]:"GET\n\n\n\n\n\n\n\n\n\n\n\nx-ms-client-request-id:50fa84a3-911e-4197-83ed-108b41197e3e\nx-ms-date:Thu, 06 Nov 2025 07:22:43 GMT\nx-ms-return-client-request-id:true\nx-ms-version:2023-11-03\n/devstoreaccount1/devstoreaccount1/azure-webjobs-secrets/neudesic91hz444-1219719741/host.json"
2025-11-06T07:22:43.650Z cfb7d367-b97d-44bb-aa9d-5678ffedbb8f info: BlobSharedKeyAuthenticator:validate() Calculated authentication header based on key1: SharedKey devstoreaccount1:PEE7hpOpSdOfwn3qlaZbkG/zB3O82ILnTPSt/+uni6Q=
2025-11-06T07:22:43.650Z cfb7d367-b97d-44bb-aa9d-5678ffedbb8f info: BlobSharedKeyAuthenticator:validate() Signature 1 matched.
2025-11-06T07:22:43.650Z cfb7d367-b97d-44bb-aa9d-5678ffedbb8f verbose: DeserializerMiddleware: Start deserializing...
2025-11-06T07:22:43.651Z cfb7d367-b97d-44bb-aa9d-5678ffedbb8f info: HandlerMiddleware: DeserializedParameters={"options":{"requestId":"50fa84a3-911e-4197-83ed-108b41197e3e","leaseAccessConditions":{},"cpkInfo":{},"modifiedAccessConditions":{}},"version":"2023-11-03"}
2025-11-06T07:22:43.651Z cfb7d367-b97d-44bb-aa9d-5678ffedbb8f info: BlobHandler:downloadBlockBlobOrAppendBlob() NormalizedDownloadRange=bytes=0-936 RequiredContentLength=937
2025-11-06T07:22:43.651Z cfb7d367-b97d-44bb-aa9d-5678ffedbb8f debug: OperationQueue.operate() Schedule incoming job 83b1b0a1-4451-487a-bdee-0680f612c21d
2025-11-06T07:22:43.651Z cfb7d367-b97d-44bb-aa9d-5678ffedbb8f debug: OperationQueue:execute() Current runningConcurrency:0 maxConcurrency:100 operations.length:1
2025-11-06T07:22:43.651Z cfb7d367-b97d-44bb-aa9d-5678ffedbb8f verbose: FSExtentStore:readExtent() Creating read stream. LocationId:Default extentId:3d8567bc-bcf6-45c0-87af-36d7ce208c7b path:__blobstorage__\3d8567bc-bcf6-45c0-87af-36d7ce208c7b offset:1889 count:937 end:2825
2025-11-06T07:22:43.651Z cfb7d367-b97d-44bb-aa9d-5678ffedbb8f debug: OperationQueue.operate() Job 83b1b0a1-4451-487a-bdee-0680f612c21d completes callback, resolve.
2025-11-06T07:22:43.651Z cfb7d367-b97d-44bb-aa9d-5678ffedbb8f verbose: SerializerMiddleware: Start serializing...
2025-11-06T07:22:43.651Z cfb7d367-b97d-44bb-aa9d-5678ffedbb8f info: Serializer: Start returning stream body.
2025-11-06T07:22:43.652Z cfb7d367-b97d-44bb-aa9d-5678ffedbb8f debug: OperationQueue:execute() Current runningConcurrency:0 maxConcurrency:100 operations.length:0
2025-11-06T07:22:43.652Z cfb7d367-b97d-44bb-aa9d-5678ffedbb8f debug: OperationQueue:execute() return. Operation.length === 0
2025-11-06T07:22:43.652Z cfb7d367-b97d-44bb-aa9d-5678ffedbb8f verbose: FSExtentStore:readExtent() Read stream closed. LocationId:Default extentId:3d8567bc-bcf6-45c0-87af-36d7ce208c7b path:__blobstorage__\3d8567bc-bcf6-45c0-87af-36d7ce208c7b offset:1889 count:937 end:2825
2025-11-06T07:22:43.652Z cfb7d367-b97d-44bb-aa9d-5678ffedbb8f error: ErrorMiddleware: Received an error, fill error information to HTTP response
2025-11-06T07:22:43.652Z cfb7d367-b97d-44bb-aa9d-5678ffedbb8f error: ErrorMiddleware: ErrorName=Error ErrorMessage=ENOENT: no such file or directory, open 'C:\Repo\AITTrainings\LogicApps\UpsertEmployee\UpsertEmployee\__blobstorage__\3d8567bc-bcf6-45c0-87af-36d7ce208c7b' ErrorStack="Error: ENOENT: no such file or directory, open 'C:\\Repo\\AITTrainings\\LogicApps\\UpsertEmployee\\UpsertEmployee\\__blobstorage__\\3d8567bc-bcf6-45c0-87af-36d7ce208c7b'"
2025-11-06T07:22:43.652Z cfb7d367-b97d-44bb-aa9d-5678ffedbb8f error: ErrorMiddleware: Set HTTP code: 500
2025-11-06T07:22:43.652Z cfb7d367-b97d-44bb-aa9d-5678ffedbb8f verbose: Send Blob telemetry: B_Blob_Download
2025-11-06T07:22:43.652Z cfb7d367-b97d-44bb-aa9d-5678ffedbb8f info: EndMiddleware: End response. TotalTimeInMS=3 StatusCode=500 StatusMessage=undefined Headers={"server":"Azurite-Blob/3.35.0","last-modified":"Wed, 05 Nov 2025 04:49:22 GMT","x-ms-creation-time":"Wed, 05 Nov 2025 04:49:22 GMT","content-length":"937","content-type":"application/octet-stream","etag":"\"0x1E1AA788E8484B0\"","content-md5":"NGKYP6VE2NaDiZ+cFND9nA==","x-ms-blob-type":"BlockBlob","x-ms-lease-state":"available","x-ms-lease-status":"unlocked","x-ms-client-request-id":"50fa84a3-911e-4197-83ed-108b41197e3e","x-ms-request-id":"cfb7d367-b97d-44bb-aa9d-5678ffedbb8f","x-ms-version":"2025-11-05","accept-ranges":"bytes","date":"Thu, 06 Nov 2025 07:22:43 GMT","x-ms-server-encrypted":"true","x-ms-blob-content-md5":"NGKYP6VE2NaDiZ+cFND9nA=="}
2025-11-06T07:22:44.357Z b39b4579-6a33-4c13-b19f-927927c02ef4 info: BlobStorageContextMiddleware: RequestMethod=GET RequestURL=http://127.0.0.1/devstoreaccount1/azure-webjobs-secrets/neudesic91hz444-1219719741/host.json RequestHeaders:{"host":"127.0.0.1:10000","x-ms-version":"2023-11-03","accept":"application/xml","x-ms-client-request-id":"50fa84a3-911e-4197-83ed-108b41197e3e","x-ms-return-client-request-id":"true","user-agent":"azsdk-net-Storage.Blobs/12.19.1 (.NET 8.0.19; Microsoft Windows 10.0.26200)","x-ms-date":"Thu, 06 Nov 2025 07:22:44 GMT","authorization":"SharedKey devstoreaccount1:CQBjVIItuOFtUO8z7b0gd23t4Zna3PHreGQ9AgKyTUg="} ClientIP=127.0.0.1 Protocol=http HTTPVersion=1.1
2025-11-06T07:22:44.357Z b39b4579-6a33-4c13-b19f-927927c02ef4 info: BlobStorageContextMiddleware: Account=devstoreaccount1 Container=azure-webjobs-secrets Blob=neudesic91hz444-1219719741/host.json
2025-11-06T07:22:44.357Z b39b4579-6a33-4c13-b19f-927927c02ef4 verbose: DispatchMiddleware: Dispatching request...
2025-11-06T07:22:44.358Z b39b4579-6a33-4c13-b19f-927927c02ef4 info: DispatchMiddleware: Operation=Blob_Download
2025-11-06T07:22:44.358Z b39b4579-6a33-4c13-b19f-927927c02ef4 verbose: AuthenticationMiddlewareFactory:createAuthenticationMiddleware() Validating authentications.
2025-11-06T07:22:44.358Z b39b4579-6a33-4c13-b19f-927927c02ef4 info: PublicAccessAuthenticator:validate() Start validation against public access.
2025-11-06T07:22:44.358Z b39b4579-6a33-4c13-b19f-927927c02ef4 debug: PublicAccessAuthenticator:validate() Getting account properties...
2025-11-06T07:22:44.358Z b39b4579-6a33-4c13-b19f-927927c02ef4 debug: PublicAccessAuthenticator:validate() Retrieved account name from context: devstoreaccount1, container: azure-webjobs-secrets, blob: neudesic91hz444-1219719741/host.json
2025-11-06T07:22:44.358Z b39b4579-6a33-4c13-b19f-927927c02ef4 debug: PublicAccessAuthenticator:validate() Skip public access authentication. Cannot get public access type for container azure-webjobs-secrets
2025-11-06T07:22:44.358Z b39b4579-6a33-4c13-b19f-927927c02ef4 info: BlobSharedKeyAuthenticator:validate() Start validation against account shared key authentication.
2025-11-06T07:22:44.358Z b39b4579-6a33-4c13-b19f-927927c02ef4 info: BlobSharedKeyAuthenticator:validate() [STRING TO SIGN]:"GET\n\n\n\n\n\n\n\n\n\n\n\nx-ms-client-request-id:50fa84a3-911e-4197-83ed-108b41197e3e\nx-ms-date:Thu, 06 Nov 2025 07:22:44 GMT\nx-ms-return-client-request-id:true\nx-ms-version:2023-11-03\n/devstoreaccount1/devstoreaccount1/azure-webjobs-secrets/neudesic91hz444-1219719741/host.json"
2025-11-06T07:22:44.358Z b39b4579-6a33-4c13-b19f-927927c02ef4 info: BlobSharedKeyAuthenticator:validate() Calculated authentication header based on key1: SharedKey devstoreaccount1:CQBjVIItuOFtUO8z7b0gd23t4Zna3PHreGQ9AgKyTUg=
2025-11-06T07:22:44.358Z b39b4579-6a33-4c13-b19f-927927c02ef4 info: BlobSharedKeyAuthenticator:validate() Signature 1 matched.
2025-11-06T07:22:44.358Z b39b4579-6a33-4c13-b19f-927927c02ef4 verbose: DeserializerMiddleware: Start deserializing...
2025-11-06T07:22:44.358Z b39b4579-6a33-4c13-b19f-927927c02ef4 info: HandlerMiddleware: DeserializedParameters={"options":{"requestId":"50fa84a3-911e-4197-83ed-108b41197e3e","leaseAccessConditions":{},"cpkInfo":{},"modifiedAccessConditions":{}},"version":"2023-11-03"}
2025-11-06T07:22:44.359Z b39b4579-6a33-4c13-b19f-927927c02ef4 info: BlobHandler:downloadBlockBlobOrAppendBlob() NormalizedDownloadRange=bytes=0-936 RequiredContentLength=937
2025-11-06T07:22:44.359Z b39b4579-6a33-4c13-b19f-927927c02ef4 debug: OperationQueue.operate() Schedule incoming job f23ddc56-d810-46cb-8401-dc3569b967e8
2025-11-06T07:22:44.359Z b39b4579-6a33-4c13-b19f-927927c02ef4 debug: OperationQueue:execute() Current runningConcurrency:0 maxConcurrency:100 operations.length:1
2025-11-06T07:22:44.359Z b39b4579-6a33-4c13-b19f-927927c02ef4 verbose: FSExtentStore:readExtent() Creating read stream. LocationId:Default extentId:3d8567bc-bcf6-45c0-87af-36d7ce208c7b path:__blobstorage__\3d8567bc-bcf6-45c0-87af-36d7ce208c7b offset:1889 count:937 end:2825
2025-11-06T07:22:44.359Z b39b4579-6a33-4c13-b19f-927927c02ef4 debug: OperationQueue.operate() Job f23ddc56-d810-46cb-8401-dc3569b967e8 completes callback, resolve.
2025-11-06T07:22:44.359Z b39b4579-6a33-4c13-b19f-927927c02ef4 verbose: SerializerMiddleware: Start serializing...
2025-11-06T07:22:44.359Z b39b4579-6a33-4c13-b19f-927927c02ef4 info: Serializer: Start returning stream body.
2025-11-06T07:22:44.360Z b39b4579-6a33-4c13-b19f-927927c02ef4 debug: OperationQueue:execute() Current runningConcurrency:0 maxConcurrency:100 operations.length:0
2025-11-06T07:22:44.360Z b39b4579-6a33-4c13-b19f-927927c02ef4 debug: OperationQueue:execute() return. Operation.length === 0
2025-11-06T07:22:44.360Z b39b4579-6a33-4c13-b19f-927927c02ef4 verbose: FSExtentStore:readExtent() Read stream closed. LocationId:Default extentId:3d8567bc-bcf6-45c0-87af-36d7ce208c7b path:__blobstorage__\3d8567bc-bcf6-45c0-87af-36d7ce208c7b offset:1889 count:937 end:2825
2025-11-06T07:22:44.360Z b39b4579-6a33-4c13-b19f-927927c02ef4 error: ErrorMiddleware: Received an error, fill error information to HTTP response
2025-11-06T07:22:44.360Z b39b4579-6a33-4c13-b19f-927927c02ef4 error: ErrorMiddleware: ErrorName=Error ErrorMessage=ENOENT: no such file or directory, open 'C:\Repo\AITTrainings\LogicApps\UpsertEmployee\UpsertEmployee\__blobstorage__\3d8567bc-bcf6-45c0-87af-36d7ce208c7b' ErrorStack="Error: ENOENT: no such file or directory, open 'C:\\Repo\\AITTrainings\\LogicApps\\UpsertEmployee\\UpsertEmployee\\__blobstorage__\\3d8567bc-bcf6-45c0-87af-36d7ce208c7b'"
2025-11-06T07:22:44.361Z b39b4579-6a33-4c13-b19f-927927c02ef4 error: ErrorMiddleware: Set HTTP code: 500
2025-11-06T07:22:44.361Z b39b4579-6a33-4c13-b19f-927927c02ef4 verbose: Send Blob telemetry: B_Blob_Download
2025-11-06T07:22:44.361Z b39b4579-6a33-4c13-b19f-927927c02ef4 info: EndMiddleware: End response. TotalTimeInMS=4 StatusCode=500 StatusMessage=undefined Headers={"server":"Azurite-Blob/3.35.0","last-modified":"Wed, 05 Nov 2025 04:49:22 GMT","x-ms-creation-time":"Wed, 05 Nov 2025 04:49:22 GMT","content-length":"937","content-type":"application/octet-stream","etag":"\"0x1E1AA788E8484B0\"","content-md5":"NGKYP6VE2NaDiZ+cFND9nA==","x-ms-blob-type":"BlockBlob","x-ms-lease-state":"available","x-ms-lease-status":"unlocked","x-ms-client-request-id":"50fa84a3-911e-4197-83ed-108b41197e3e","x-ms-request-id":"b39b4579-6a33-4c13-b19f-927927c02ef4","x-ms-version":"2025-11-05","accept-ranges":"bytes","date":"Thu, 06 Nov 2025 07:22:44 GMT","x-ms-server-encrypted":"true","x-ms-blob-content-md5":"NGKYP6VE2NaDiZ+cFND9nA=="}
2025-11-06T07:22:45.912Z caddd751-2e4b-4240-97b2-321eaec3607c info: BlobStorageContextMiddleware: RequestMethod=GET RequestURL=http://127.0.0.1/devstoreaccount1/azure-webjobs-secrets/neudesic91hz444-1219719741/host.json RequestHeaders:{"host":"127.0.0.1:10000","x-ms-version":"2023-11-03","accept":"application/xml","x-ms-client-request-id":"50fa84a3-911e-4197-83ed-108b41197e3e","x-ms-return-client-request-id":"true","user-agent":"azsdk-net-Storage.Blobs/12.19.1 (.NET 8.0.19; Microsoft Windows 10.0.26200)","x-ms-date":"Thu, 06 Nov 2025 07:22:45 GMT","authorization":"SharedKey devstoreaccount1:HBTL5VAuGmX4NnjdSVBAM3eoEnlP6Xddi+ANv2Gy/gs="} ClientIP=127.0.0.1 Protocol=http HTTPVersion=1.1
2025-11-06T07:22:45.912Z caddd751-2e4b-4240-97b2-321eaec3607c info: BlobStorageContextMiddleware: Account=devstoreaccount1 Container=azure-webjobs-secrets Blob=neudesic91hz444-1219719741/host.json
2025-11-06T07:22:45.912Z caddd751-2e4b-4240-97b2-321eaec3607c verbose: DispatchMiddleware: Dispatching request...
2025-11-06T07:22:45.913Z caddd751-2e4b-4240-97b2-321eaec3607c info: DispatchMiddleware: Operation=Blob_Download
2025-11-06T07:22:45.913Z caddd751-2e4b-4240-97b2-321eaec3607c verbose: AuthenticationMiddlewareFactory:createAuthenticationMiddleware() Validating authentications.
2025-11-06T07:22:45.913Z caddd751-2e4b-4240-97b2-321eaec3607c info: PublicAccessAuthenticator:validate() Start validation against public access.
2025-11-06T07:22:45.913Z caddd751-2e4b-4240-97b2-321eaec3607c debug: PublicAccessAuthenticator:validate() Getting account properties...
2025-11-06T07:22:45.913Z caddd751-2e4b-4240-97b2-321eaec3607c debug: PublicAccessAuthenticator:validate() Retrieved account name from context: devstoreaccount1, container: azure-webjobs-secrets, blob: neudesic91hz444-1219719741/host.json
2025-11-06T07:22:45.913Z caddd751-2e4b-4240-97b2-321eaec3607c debug: PublicAccessAuthenticator:validate() Skip public access authentication. Cannot get public access type for container azure-webjobs-secrets
2025-11-06T07:22:45.913Z caddd751-2e4b-4240-97b2-321eaec3607c info: BlobSharedKeyAuthenticator:validate() Start validation against account shared key authentication.
2025-11-06T07:22:45.913Z caddd751-2e4b-4240-97b2-321eaec3607c info: BlobSharedKeyAuthenticator:validate() [STRING TO SIGN]:"GET\n\n\n\n\n\n\n\n\n\n\n\nx-ms-client-request-id:50fa84a3-911e-4197-83ed-108b41197e3e\nx-ms-date:Thu, 06 Nov 2025 07:22:45 GMT\nx-ms-return-client-request-id:true\nx-ms-version:2023-11-03\n/devstoreaccount1/devstoreaccount1/azure-webjobs-secrets/neudesic91hz444-1219719741/host.json"
2025-11-06T07:22:45.913Z caddd751-2e4b-4240-97b2-321eaec3607c info: BlobSharedKeyAuthenticator:validate() Calculated authentication header based on key1: SharedKey devstoreaccount1:HBTL5VAuGmX4NnjdSVBAM3eoEnlP6Xddi+ANv2Gy/gs=
2025-11-06T07:22:45.913Z caddd751-2e4b-4240-97b2-321eaec3607c info: BlobSharedKeyAuthenticator:validate() Signature 1 matched.
2025-11-06T07:22:45.913Z caddd751-2e4b-4240-97b2-321eaec3607c verbose: DeserializerMiddleware: Start deserializing...
2025-11-06T07:22:45.913Z caddd751-2e4b-4240-97b2-321eaec3607c info: HandlerMiddleware: DeserializedParameters={"options":{"requestId":"50fa84a3-911e-4197-83ed-108b41197e3e","leaseAccessConditions":{},"cpkInfo":{},"modifiedAccessConditions":{}},"version":"2023-11-03"}
2025-11-06T07:22:45.913Z caddd751-2e4b-4240-97b2-321eaec3607c info: BlobHandler:downloadBlockBlobOrAppendBlob() NormalizedDownloadRange=bytes=0-936 RequiredContentLength=937
2025-11-06T07:22:45.914Z caddd751-2e4b-4240-97b2-321eaec3607c debug: OperationQueue.operate() Schedule incoming job 5c87493d-a873-41c1-ba5c-5f964eb60e07
2025-11-06T07:22:45.914Z caddd751-2e4b-4240-97b2-321eaec3607c debug: OperationQueue:execute() Current runningConcurrency:0 maxConcurrency:100 operations.length:1
2025-11-06T07:22:45.914Z caddd751-2e4b-4240-97b2-321eaec3607c verbose: FSExtentStore:readExtent() Creating read stream. LocationId:Default extentId:3d8567bc-bcf6-45c0-87af-36d7ce208c7b path:__blobstorage__\3d8567bc-bcf6-45c0-87af-36d7ce208c7b offset:1889 count:937 end:2825
2025-11-06T07:22:45.914Z caddd751-2e4b-4240-97b2-321eaec3607c debug: OperationQueue.operate() Job 5c87493d-a873-41c1-ba5c-5f964eb60e07 completes callback, resolve.
2025-11-06T07:22:45.915Z caddd751-2e4b-4240-97b2-321eaec3607c verbose: SerializerMiddleware: Start serializing...
2025-11-06T07:22:45.915Z caddd751-2e4b-4240-97b2-321eaec3607c info: Serializer: Start returning stream body.
2025-11-06T07:22:45.916Z caddd751-2e4b-4240-97b2-321eaec3607c debug: OperationQueue:execute() Current runningConcurrency:0 maxConcurrency:100 operations.length:0
2025-11-06T07:22:45.916Z caddd751-2e4b-4240-97b2-321eaec3607c debug: OperationQueue:execute() return. Operation.length === 0
2025-11-06T07:22:45.916Z caddd751-2e4b-4240-97b2-321eaec3607c verbose: FSExtentStore:readExtent() Read stream closed. LocationId:Default extentId:3d8567bc-bcf6-45c0-87af-36d7ce208c7b path:__blobstorage__\3d8567bc-bcf6-45c0-87af-36d7ce208c7b offset:1889 count:937 end:2825
2025-11-06T07:22:45.916Z caddd751-2e4b-4240-97b2-321eaec3607c error: ErrorMiddleware: Received an error, fill error information to HTTP response
2025-11-06T07:22:45.916Z caddd751-2e4b-4240-97b2-321eaec3607c error: ErrorMiddleware: ErrorName=Error ErrorMessage=ENOENT: no such file or directory, open 'C:\Repo\AITTrainings\LogicApps\UpsertEmployee\UpsertEmployee\__blobstorage__\3d8567bc-bcf6-45c0-87af-36d7ce208c7b' ErrorStack="Error: ENOENT: no such file or directory, open 'C:\\Repo\\AITTrainings\\LogicApps\\UpsertEmployee\\UpsertEmployee\\__blobstorage__\\3d8567bc-bcf6-45c0-87af-36d7ce208c7b'"
2025-11-06T07:22:45.916Z caddd751-2e4b-4240-97b2-321eaec3607c error: ErrorMiddleware: Set HTTP code: 500
2025-11-06T07:22:45.917Z caddd751-2e4b-4240-97b2-321eaec3607c verbose: Send Blob telemetry: B_Blob_Download
2025-11-06T07:22:45.917Z caddd751-2e4b-4240-97b2-321eaec3607c info: EndMiddleware: End response. TotalTimeInMS=5 StatusCode=500 StatusMessage=undefined Headers={"server":"Azurite-Blob/3.35.0","last-modified":"Wed, 05 Nov 2025 04:49:22 GMT","x-ms-creation-time":"Wed, 05 Nov 2025 04:49:22 GMT","content-length":"937","content-type":"application/octet-stream","etag":"\"0x1E1AA788E8484B0\"","content-md5":"NGKYP6VE2NaDiZ+cFND9nA==","x-ms-blob-type":"BlockBlob","x-ms-lease-state":"available","x-ms-lease-status":"unlocked","x-ms-client-request-id":"50fa84a3-911e-4197-83ed-108b41197e3e","x-ms-request-id":"caddd751-2e4b-4240-97b2-321eaec3607c","x-ms-version":"2025-11-05","accept-ranges":"bytes","date":"Thu, 06 Nov 2025 07:22:45 GMT","x-ms-server-encrypted":"true","x-ms-blob-content-md5":"NGKYP6VE2NaDiZ+cFND9nA=="}
2025-11-06T07:22:49.267Z 9604e87b-bb7b-4c7c-9b90-d9b8a369e0b4 info: BlobStorageContextMiddleware: RequestMethod=GET RequestURL=http://127.0.0.1/devstoreaccount1/azure-webjobs-secrets/neudesic91hz444-1219719741/host.json RequestHeaders:{"host":"127.0.0.1:10000","x-ms-version":"2023-11-03","accept":"application/xml","x-ms-client-request-id":"50fa84a3-911e-4197-83ed-108b41197e3e","x-ms-return-client-request-id":"true","user-agent":"azsdk-net-Storage.Blobs/12.19.1 (.NET 8.0.19; Microsoft Windows 10.0.26200)","x-ms-date":"Thu, 06 Nov 2025 07:22:49 GMT","authorization":"SharedKey devstoreaccount1:ZY/26QU9pKDsYpumMaTSfiGLYJGyCK0q5HcMf7vAU4c="} ClientIP=127.0.0.1 Protocol=http HTTPVersion=1.1
2025-11-06T07:22:49.267Z 9604e87b-bb7b-4c7c-9b90-d9b8a369e0b4 info: BlobStorageContextMiddleware: Account=devstoreaccount1 Container=azure-webjobs-secrets Blob=neudesic91hz444-1219719741/host.json
2025-11-06T07:22:49.267Z 9604e87b-bb7b-4c7c-9b90-d9b8a369e0b4 verbose: DispatchMiddleware: Dispatching request...
2025-11-06T07:22:49.267Z 9604e87b-bb7b-4c7c-9b90-d9b8a369e0b4 info: DispatchMiddleware: Operation=Blob_Download
2025-11-06T07:22:49.267Z 9604e87b-bb7b-4c7c-9b90-d9b8a369e0b4 verbose: AuthenticationMiddlewareFactory:createAuthenticationMiddleware() Validating authentications.
2025-11-06T07:22:49.267Z 9604e87b-bb7b-4c7c-9b90-d9b8a369e0b4 info: PublicAccessAuthenticator:validate() Start validation against public access.
2025-11-06T07:22:49.267Z 9604e87b-bb7b-4c7c-9b90-d9b8a369e0b4 debug: PublicAccessAuthenticator:validate() Getting account properties...
2025-11-06T07:22:49.267Z 9604e87b-bb7b-4c7c-9b90-d9b8a369e0b4 debug: PublicAccessAuthenticator:validate() Retrieved account name from context: devstoreaccount1, container: azure-webjobs-secrets, blob: neudesic91hz444-1219719741/host.json
2025-11-06T07:22:49.267Z 9604e87b-bb7b-4c7c-9b90-d9b8a369e0b4 debug: PublicAccessAuthenticator:validate() Skip public access authentication. Cannot get public access type for container azure-webjobs-secrets
2025-11-06T07:22:49.267Z 9604e87b-bb7b-4c7c-9b90-d9b8a369e0b4 info: BlobSharedKeyAuthenticator:validate() Start validation against account shared key authentication.
2025-11-06T07:22:49.268Z 9604e87b-bb7b-4c7c-9b90-d9b8a369e0b4 info: BlobSharedKeyAuthenticator:validate() [STRING TO SIGN]:"GET\n\n\n\n\n\n\n\n\n\n\n\nx-ms-client-request-id:50fa84a3-911e-4197-83ed-108b41197e3e\nx-ms-date:Thu, 06 Nov 2025 07:22:49 GMT\nx-ms-return-client-request-id:true\nx-ms-version:2023-11-03\n/devstoreaccount1/devstoreaccount1/azure-webjobs-secrets/neudesic91hz444-1219719741/host.json"
2025-11-06T07:22:49.268Z 9604e87b-bb7b-4c7c-9b90-d9b8a369e0b4 info: BlobSharedKeyAuthenticator:validate() Calculated authentication header based on key1: SharedKey devstoreaccount1:ZY/26QU9pKDsYpumMaTSfiGLYJGyCK0q5HcMf7vAU4c=
2025-11-06T07:22:49.268Z 9604e87b-bb7b-4c7c-9b90-d9b8a369e0b4 info: BlobSharedKeyAuthenticator:validate() Signature 1 matched.
2025-11-06T07:22:49.268Z 9604e87b-bb7b-4c7c-9b90-d9b8a369e0b4 verbose: DeserializerMiddleware: Start deserializing...
2025-11-06T07:22:49.268Z 9604e87b-bb7b-4c7c-9b90-d9b8a369e0b4 info: HandlerMiddleware: DeserializedParameters={"options":{"requestId":"50fa84a3-911e-4197-83ed-108b41197e3e","leaseAccessConditions":{},"cpkInfo":{},"modifiedAccessConditions":{}},"version":"2023-11-03"}
2025-11-06T07:22:49.268Z 9604e87b-bb7b-4c7c-9b90-d9b8a369e0b4 info: BlobHandler:downloadBlockBlobOrAppendBlob() NormalizedDownloadRange=bytes=0-936 RequiredContentLength=937
2025-11-06T07:22:49.268Z 9604e87b-bb7b-4c7c-9b90-d9b8a369e0b4 debug: OperationQueue.operate() Schedule incoming job 1c86d231-a435-4414-88d8-270b05755dc9
2025-11-06T07:22:49.268Z 9604e87b-bb7b-4c7c-9b90-d9b8a369e0b4 debug: OperationQueue:execute() Current runningConcurrency:0 maxConcurrency:100 operations.length:1
2025-11-06T07:22:49.268Z 9604e87b-bb7b-4c7c-9b90-d9b8a369e0b4 verbose: FSExtentStore:readExtent() Creating read stream. LocationId:Default extentId:3d8567bc-bcf6-45c0-87af-36d7ce208c7b path:__blobstorage__\3d8567bc-bcf6-45c0-87af-36d7ce208c7b offset:1889 count:937 end:2825
2025-11-06T07:22:49.268Z 9604e87b-bb7b-4c7c-9b90-d9b8a369e0b4 debug: OperationQueue.operate() Job 1c86d231-a435-4414-88d8-270b05755dc9 completes callback, resolve.
2025-11-06T07:22:49.269Z 9604e87b-bb7b-4c7c-9b90-d9b8a369e0b4 verbose: SerializerMiddleware: Start serializing...
2025-11-06T07:22:49.269Z 9604e87b-bb7b-4c7c-9b90-d9b8a369e0b4 info: Serializer: Start returning stream body.
2025-11-06T07:22:49.269Z 9604e87b-bb7b-4c7c-9b90-d9b8a369e0b4 debug: OperationQueue:execute() Current runningConcurrency:0 maxConcurrency:100 operations.length:0
2025-11-06T07:22:49.269Z 9604e87b-bb7b-4c7c-9b90-d9b8a369e0b4 debug: OperationQueue:execute() return. Operation.length === 0
2025-11-06T07:22:49.270Z 9604e87b-bb7b-4c7c-9b90-d9b8a369e0b4 verbose: FSExtentStore:readExtent() Read stream closed. LocationId:Default extentId:3d8567bc-bcf6-45c0-87af-36d7ce208c7b path:__blobstorage__\3d8567bc-bcf6-45c0-87af-36d7ce208c7b offset:1889 count:937 end:2825
2025-11-06T07:22:49.270Z 9604e87b-bb7b-4c7c-9b90-d9b8a369e0b4 error: ErrorMiddleware: Received an error, fill error information to HTTP response
2025-11-06T07:22:49.270Z 9604e87b-bb7b-4c7c-9b90-d9b8a369e0b4 error: ErrorMiddleware: ErrorName=Error ErrorMessage=ENOENT: no such file or directory, open 'C:\Repo\AITTrainings\LogicApps\UpsertEmployee\UpsertEmployee\__blobstorage__\3d8567bc-bcf6-45c0-87af-36d7ce208c7b' ErrorStack="Error: ENOENT: no such file or directory, open 'C:\\Repo\\AITTrainings\\LogicApps\\UpsertEmployee\\UpsertEmployee\\__blobstorage__\\3d8567bc-bcf6-45c0-87af-36d7ce208c7b'"
2025-11-06T07:22:49.270Z 9604e87b-bb7b-4c7c-9b90-d9b8a369e0b4 error: ErrorMiddleware: Set HTTP code: 500
2025-11-06T07:22:49.270Z 9604e87b-bb7b-4c7c-9b90-d9b8a369e0b4 verbose: Send Blob telemetry: B_Blob_Download
2025-11-06T07:22:49.270Z 9604e87b-bb7b-4c7c-9b90-d9b8a369e0b4 info: EndMiddleware: End response. TotalTimeInMS=3 StatusCode=500 StatusMessage=undefined Headers={"server":"Azurite-Blob/3.35.0","last-modified":"Wed, 05 Nov 2025 04:49:22 GMT","x-ms-creation-time":"Wed, 05 Nov 2025 04:49:22 GMT","content-length":"937","content-type":"application/octet-stream","etag":"\"0x1E1AA788E8484B0\"","content-md5":"NGKYP6VE2NaDiZ+cFND9nA==","x-ms-blob-type":"BlockBlob","x-ms-lease-state":"available","x-ms-lease-status":"unlocked","x-ms-client-request-id":"50fa84a3-911e-4197-83ed-108b41197e3e","x-ms-request-id":"9604e87b-bb7b-4c7c-9b90-d9b8a369e0b4","x-ms-version":"2025-11-05","accept-ranges":"bytes","date":"Thu, 06 Nov 2025 07:22:49 GMT","x-ms-server-encrypted":"true","x-ms-blob-content-md5":"NGKYP6VE2NaDiZ+cFND9nA=="}
2025-11-06T07:22:49.326Z 	 info: AccountDataStore:init() Refresh accounts from environment variable AZURITE_ACCOUNTS with value undefined
2025-11-06T07:22:49.326Z 	 info: AccountDataStore:init() Fallback to default emulator account devstoreaccount1.
2025-11-06T07:22:49.376Z 	 info: AccountDataStore:init() Refresh accounts from environment variable AZURITE_ACCOUNTS with value undefined
2025-11-06T07:22:49.376Z 	 info: AccountDataStore:init() Fallback to default emulator account devstoreaccount1.
2025-11-06T07:22:49.393Z 	 info: QueueGCManager:markSweepLoop() Start new mark and sweep.
2025-11-06T07:22:49.393Z 	 info: QueueGCManger:markSweep() Get all extents.
2025-11-06T07:22:49.394Z 	 info: QueueGCManager:marksweep() Get 2 extents.
2025-11-06T07:22:49.394Z 	 info: QueueGCManager:markSweep() Get referred extents, then remove from allExtents.
2025-11-06T07:22:49.394Z 	 info: QueueGCManager:markSweep() Got referred extents, unreferenced extents count is 0.
2025-11-06T07:22:49.394Z 	 info: QueueGCManager:markSweepLoop() Mark and sweep finished, take 1ms.
2025-11-06T07:22:49.394Z 	 info: QueueGCManager:markSweepLoop() Sleep for 60000
2025-11-06T07:22:49.395Z 	 info: AccountDataStore:init() Refresh accounts from environment variable AZURITE_ACCOUNTS with value undefined
2025-11-06T07:22:49.395Z 	 info: AccountDataStore:init() Fallback to default emulator account devstoreaccount1.
2025-11-09T17:36:45.570Z 	 info: Azurite Blob service is starting on 127.0.0.1:10000
2025-11-09T17:36:45.572Z 	 info: AccountDataStore:init() Refresh accounts from environment variable AZURITE_ACCOUNTS with value undefined
2025-11-09T17:36:45.572Z 	 info: AccountDataStore:init() Fallback to default emulator account devstoreaccount1.
2025-11-09T17:36:45.601Z 	 info: BlobGCManager:start() Starting BlobGCManager. Set status to Initializing.
2025-11-09T17:36:45.602Z 	 info: BlobGCManager:start() Trigger mark and sweep loop. Set status to Running.
2025-11-09T17:36:45.602Z 	 info: BlobGCManager:markSweepLoop() Start next mark and sweep.
2025-11-09T17:36:45.602Z 	 info: BlobGCManager:markSweep() Get all extents.
2025-11-09T17:36:45.603Z 	 info: BlobGCManager:start() BlobGCManager successfully started.
2025-11-09T17:36:45.615Z 	 info: BlobGCManager:markSweep() Got 1 extents.
2025-11-09T17:36:45.616Z 	 info: BlobGCManager:markSweep() Get referred extents.
2025-11-09T17:36:45.616Z 	 info: BlobGCManager:markSweep() Got referred extents, unreferenced extents count is 0.
2025-11-09T17:36:45.616Z 	 info: BlobGCManager:markSweepLoop() Mark and sweep finished, taken 14ms.
2025-11-09T17:36:45.616Z 	 info: BlobGCManager:markSweepLoop() Sleep for 600000ms.
2025-11-09T17:36:45.622Z 	 info: Azurite Blob service successfully listens on http://127.0.0.1:10000
2025-11-09T17:36:45.623Z 	 info: Azurite Queue service is starting on 127.0.0.1:10001
2025-11-09T17:36:45.623Z 	 info: AccountDataStore:init() Refresh accounts from environment variable AZURITE_ACCOUNTS with value undefined
2025-11-09T17:36:45.623Z 	 info: AccountDataStore:init() Fallback to default emulator account devstoreaccount1.
2025-11-09T17:36:45.657Z 	 info: QueueGCManager:start() Starting QueueGCManager, set status to Initializing
2025-11-09T17:36:45.657Z 	 info: QueueGCManager:start() Trigger mark and sweep loop, set status to Running.
2025-11-09T17:36:45.658Z 	 info: QueueGCManager:markSweepLoop() Start new mark and sweep.
2025-11-09T17:36:45.658Z 	 info: QueueGCManger:markSweep() Get all extents.
2025-11-09T17:36:45.658Z 	 info: QueueGCManager:start() QueueGCManager successfully started.
2025-11-09T17:36:45.658Z 	 info: QueueGCManager:marksweep() Get 1 extents.
2025-11-09T17:36:45.659Z 	 info: QueueGCManager:markSweep() Get referred extents, then remove from allExtents.
2025-11-09T17:36:45.659Z 	 info: QueueGCManager:markSweep() Got referred extents, unreferenced extents count is 0.
2025-11-09T17:36:45.659Z 	 info: QueueGCManager:markSweepLoop() Mark and sweep finished, take 1ms.
2025-11-09T17:36:45.659Z 	 info: QueueGCManager:markSweepLoop() Sleep for 60000
2025-11-09T17:36:45.661Z 	 info: Azurite Queue service successfully listens on http://127.0.0.1:10001
2025-11-09T17:36:45.662Z 	 info: Azurite Table service is starting on 127.0.0.1:10002
2025-11-09T17:36:45.662Z 	 info: AccountDataStore:init() Refresh accounts from environment variable AZURITE_ACCOUNTS with value undefined
2025-11-09T17:36:45.662Z 	 info: AccountDataStore:init() Fallback to default emulator account devstoreaccount1.
2025-11-09T17:36:45.770Z 	 info: Azurite Table service successfully listens on http://127.0.0.1:10002
2025-11-09T17:36:45.772Z 	 info: InstaceID a1079791-60f2-4288-b7cc-37c01a14e26d, SessionID 853c6efd-a28e-474a-a64b-cc6308940ab4.
2025-11-09T17:36:45.832Z 	 info: Telemetry initialize successfully.
2025-11-09T17:36:45.835Z 	 verbose: Send start telemetry
2025-11-09T17:37:39.421Z 	 verbose: Send stop telemetry
2025-11-09T17:37:39.421Z 	 info: Azurite Blob service is closing...
2025-11-09T17:37:39.422Z 	 info: Azurite Queue service is closing...
2025-11-09T17:37:39.422Z 	 info: Azurite Table service is closing...
2025-11-09T17:37:39.422Z 	 info: BlobGCManager:close() Start closing BlobGCManager. Set status to Closing.
2025-11-09T17:37:39.423Z 	 info: QueueGCManager:close() Start closing QueueGCManager, set status to Closing.
2025-11-09T17:37:39.423Z 	 info: BlobGCManager:start() Mark and sweep loop is closed.
2025-11-09T17:37:39.423Z 	 info: BlobGCManager:close() BlobGCManager successfully closed. Set status to Closed.
2025-11-09T17:37:39.423Z 	 info: QueueGCManager:start() Mark and sweep loop is closed.
2025-11-09T17:37:39.423Z 	 info: QueueGCManager:close() QueueGCManager successfully closed, set status to Closed.
2025-11-09T17:37:39.423Z 	 info: Azurite Table service successfully closed
2025-11-09T17:37:39.424Z 	 info: Azurite Blob service successfully closed
2025-11-09T17:37:39.424Z 	 info: Azurite Queue service successfully closed
